#
# There is insufficient memory for the Java Runtime Environment to continue.
# Native memory allocation (malloc) failed to allocate 2509296 bytes for Chunk::new
# Possible reasons:
#   The system is out of physical RAM or swap space
#   The process is running with CompressedOops enabled, and the Java Heap may be blocking the growth of the native heap
# Possible solutions:
#   Reduce memory load on the system
#   Increase physical memory or swap space
#   Check if swap backing store is full
#   Decrease Java heap size (-Xmx/-Xms)
#   Decrease number of Java threads
#   Decrease Java thread stack sizes (-Xss)
#   Set larger code cache with -XX:ReservedCodeCacheSize=
#   JVM is running with Unscaled Compressed Oops mode in which the Java heap is
#     placed in the first 4GB address space. The Java Heap base address is the
#     maximum limit for the native heap growth. Please use -XX:HeapBaseMinAddress
#     to set the Java Heap base and to place the Java Heap above 4GB virtual address.
# This output file may be truncated or incomplete.
#
#  Out of Memory Error (src/hotspot/share/memory/arena.cpp:197), pid=11568, tid=10472
#
# JRE version: OpenJDK Runtime Environment (11.0.15) (build 11.0.15+0-b2043.56-8887301)
# Java VM: OpenJDK 64-Bit Server VM (11.0.15+0-b2043.56-8887301, mixed mode, tiered, compressed oops, g1 gc, windows-amd64)
# No core dump will be written. Minidumps are not enabled by default on client versions of Windows
#

---------------  S U M M A R Y ------------

Command Line: --add-opens=java.base/java.util=ALL-UNNAMED --add-opens=java.base/java.lang=ALL-UNNAMED --add-opens=java.base/java.lang.invoke=ALL-UNNAMED --add-opens=java.base/java.util=ALL-UNNAMED --add-opens=java.prefs/java.util.prefs=ALL-UNNAMED --add-opens=java.prefs/java.util.prefs=ALL-UNNAMED --add-opens=java.base/java.nio.charset=ALL-UNNAMED --add-opens=java.base/java.net=ALL-UNNAMED --add-opens=java.base/java.util.concurrent.atomic=ALL-UNNAMED -Xmx2048m -Dfile.encoding=UTF-8 -Duser.country=IN -Duser.language=en -Duser.variant org.gradle.launcher.daemon.bootstrap.GradleDaemon 7.0.2

Host: AMD Ryzen 5 4600H with Radeon Graphics         , 12 cores, 7G,  Windows 10 , 64 bit Build 19041 (10.0.19041.2364)
Time: Fri Jan 13 12:20:36 2023 India Standard Time elapsed time: 21.464221 seconds (0d 0h 0m 21s)

---------------  T H R E A D  ---------------

Current thread (0x00000182c54f6800):  JavaThread "C2 CompilerThread0" daemon [_thread_in_native, id=10472, stack(0x0000001266b00000,0x0000001266c00000)]


Current CompileTask:
C2:  21464 5885 %     4       org.objectweb.asm.ClassReader::readCode @ 2185 (5109 bytes)

Stack: [0x0000001266b00000,0x0000001266c00000]
Native frames: (J=compiled Java code, j=interpreted, Vv=VM code, C=native code)
V  [jvm.dll+0x64135a]
V  [jvm.dll+0x7d39f9]
V  [jvm.dll+0x7d51b9]
V  [jvm.dll+0x7d58a3]
V  [jvm.dll+0x2691c5]
V  [jvm.dll+0xc1a5c]
V  [jvm.dll+0xc200c]
V  [jvm.dll+0x377462]
V  [jvm.dll+0x1b3732]
V  [jvm.dll+0x22163e]
V  [jvm.dll+0x220498]
V  [jvm.dll+0x19e851]
V  [jvm.dll+0x230479]
V  [jvm.dll+0x22e5ef]
V  [jvm.dll+0x794de1]
V  [jvm.dll+0x78dc24]
V  [jvm.dll+0x6400f6]
C  [ucrtbase.dll+0x21bb2]
C  [KERNEL32.DLL+0x17614]
C  [ntdll.dll+0x526a1]


---------------  P R O C E S S  ---------------

Threads class SMR info:
_java_thread_list=0x00000182ca433e40, length=44, elements={
0x00000182aabd3000, 0x00000182c54d1000, 0x00000182c54da000, 0x00000182c54f0000,
0x00000182c54f1000, 0x00000182c54f3000, 0x00000182c54f6800, 0x00000182c54fa800,
0x00000182c5e4b800, 0x00000182c5fb8000, 0x00000182c7d99000, 0x00000182c7e37800,
0x00000182c7bd8800, 0x00000182c76a5800, 0x00000182c8364000, 0x00000182c75a6800,
0x00000182c7696000, 0x00000182c8136000, 0x00000182c7e31800, 0x00000182c8163800,
0x00000182c8161000, 0x00000182c8161800, 0x00000182c8164000, 0x00000182c8162800,
0x00000182c815e800, 0x00000182c8165000, 0x00000182c815f000, 0x00000182c8160000,
0x00000182c6dc9000, 0x00000182c6dca000, 0x00000182c6dc8800, 0x00000182c6dcb000,
0x00000182c6dcb800, 0x00000182c6dcc800, 0x00000182c6dcd800, 0x00000182c6dc7800,
0x00000182c6dcf800, 0x00000182c6dd4000, 0x00000182c6dd3000, 0x00000182c6dd1800,
0x00000182c6dcf000, 0x00000182c6dd0800, 0x00000182c6dd2000, 0x00000182cc602800
}

Java Threads: ( => current thread )
  0x00000182aabd3000 JavaThread "main" [_thread_blocked, id=7708, stack(0x0000001265f00000,0x0000001266000000)]
  0x00000182c54d1000 JavaThread "Reference Handler" daemon [_thread_blocked, id=21004, stack(0x0000001266600000,0x0000001266700000)]
  0x00000182c54da000 JavaThread "Finalizer" daemon [_thread_blocked, id=19740, stack(0x0000001266700000,0x0000001266800000)]
  0x00000182c54f0000 JavaThread "Signal Dispatcher" daemon [_thread_blocked, id=16904, stack(0x0000001266800000,0x0000001266900000)]
  0x00000182c54f1000 JavaThread "Attach Listener" daemon [_thread_blocked, id=19284, stack(0x0000001266900000,0x0000001266a00000)]
  0x00000182c54f3000 JavaThread "Service Thread" daemon [_thread_blocked, id=14968, stack(0x0000001266a00000,0x0000001266b00000)]
=>0x00000182c54f6800 JavaThread "C2 CompilerThread0" daemon [_thread_in_native, id=10472, stack(0x0000001266b00000,0x0000001266c00000)]
  0x00000182c54fa800 JavaThread "C1 CompilerThread0" daemon [_thread_blocked, id=20836, stack(0x0000001266c00000,0x0000001266d00000)]
  0x00000182c5e4b800 JavaThread "Sweeper thread" daemon [_thread_blocked, id=2344, stack(0x0000001266d00000,0x0000001266e00000)]
  0x00000182c5fb8000 JavaThread "Common-Cleaner" daemon [_thread_blocked, id=19572, stack(0x0000001266e00000,0x0000001266f00000)]
  0x00000182c7d99000 JavaThread "Daemon health stats" [_thread_blocked, id=20020, stack(0x0000001267100000,0x0000001267200000)]
  0x00000182c7e37800 JavaThread "Incoming local TCP Connector on port 50842" [_thread_in_native, id=16792, stack(0x0000001267200000,0x0000001267300000)]
  0x00000182c7bd8800 JavaThread "Daemon periodic checks" [_thread_blocked, id=20824, stack(0x0000001267300000,0x0000001267400000)]
  0x00000182c76a5800 JavaThread "Daemon" [_thread_blocked, id=18400, stack(0x0000001267400000,0x0000001267500000)]
  0x00000182c8364000 JavaThread "Handler for socket connection from /127.0.0.1:50842 to /127.0.0.1:50843" [_thread_in_native, id=9124, stack(0x0000001267500000,0x0000001267600000)]
  0x00000182c75a6800 JavaThread "Cancel handler" [_thread_blocked, id=3300, stack(0x0000001267600000,0x0000001267700000)]
  0x00000182c7696000 JavaThread "Daemon worker" [_thread_blocked, id=19804, stack(0x0000001267700000,0x0000001267800000)]
  0x00000182c8136000 JavaThread "Asynchronous log dispatcher for DefaultDaemonConnection: socket connection from /127.0.0.1:50842 to /127.0.0.1:50843" [_thread_blocked, id=20572, stack(0x0000001267800000,0x0000001267900000)]
  0x00000182c7e31800 JavaThread "Stdin handler" [_thread_blocked, id=6756, stack(0x0000001267900000,0x0000001267a00000)]
  0x00000182c8163800 JavaThread "Daemon client event forwarder" [_thread_blocked, id=3988, stack(0x0000001267a00000,0x0000001267b00000)]
  0x00000182c8161000 JavaThread "Cache worker for file hash cache (C:\Users\Aman\.gradle\caches\7.0.2\fileHashes)" [_thread_blocked, id=20768, stack(0x0000001268400000,0x0000001268500000)]
  0x00000182c8161800 JavaThread "File lock request listener" [_thread_in_native, id=20780, stack(0x0000001268500000,0x0000001268600000)]
  0x00000182c8164000 JavaThread "Cache worker for journal cache (C:\Users\Aman\.gradle\caches\journal-1)" [_thread_blocked, id=11208, stack(0x0000001268800000,0x0000001268900000)]
  0x00000182c8162800 JavaThread "Cache worker for file hash cache (D:\Android\LoginAndSignup\.gradle\7.0.2\fileHashes)" [_thread_blocked, id=18004, stack(0x0000001268900000,0x0000001268a00000)]
  0x00000182c815e800 JavaThread "File watcher server" daemon [_thread_in_native, id=3040, stack(0x0000001268a00000,0x0000001268b00000)]
  0x00000182c8165000 JavaThread "File watcher consumer" daemon [_thread_blocked, id=12712, stack(0x0000001268b00000,0x0000001268c00000)]
  0x00000182c815f000 JavaThread "jar transforms" [_thread_blocked, id=14116, stack(0x0000001268c00000,0x0000001268d00000)]
  0x00000182c8160000 JavaThread "jar transforms Thread 2" [_thread_blocked, id=21476, stack(0x0000001268d00000,0x0000001268e00000)]
  0x00000182c6dc9000 JavaThread "jar transforms Thread 3" [_thread_in_Java, id=21472, stack(0x0000001268e00000,0x0000001268f00000)]
  0x00000182c6dca000 JavaThread "jar transforms Thread 4" [_thread_blocked, id=2728, stack(0x0000001268f00000,0x0000001269000000)]
  0x00000182c6dc8800 JavaThread "jar transforms Thread 5" [_thread_blocked, id=4900, stack(0x0000001269000000,0x0000001269100000)]
  0x00000182c6dcb000 JavaThread "jar transforms Thread 6" [_thread_blocked, id=21480, stack(0x0000001269100000,0x0000001269200000)]
  0x00000182c6dcb800 JavaThread "jar transforms Thread 7" [_thread_in_Java, id=5004, stack(0x0000001269200000,0x0000001269300000)]
  0x00000182c6dcc800 JavaThread "jar transforms Thread 8" [_thread_in_Java, id=2944, stack(0x0000001269300000,0x0000001269400000)]
  0x00000182c6dcd800 JavaThread "jar transforms Thread 9" [_thread_blocked, id=4324, stack(0x0000001269400000,0x0000001269500000)]
  0x00000182c6dc7800 JavaThread "jar transforms Thread 10" [_thread_blocked, id=21084, stack(0x0000001269500000,0x0000001269600000)]
  0x00000182c6dcf800 JavaThread "jar transforms Thread 11" [_thread_blocked, id=19968, stack(0x0000001269600000,0x0000001269700000)]
  0x00000182c6dd4000 JavaThread "jar transforms Thread 12" [_thread_blocked, id=1888, stack(0x0000001269700000,0x0000001269800000)]
  0x00000182c6dd3000 JavaThread "Cache worker for checksums cache (D:\Android\LoginAndSignup\.gradle\checksums)" [_thread_blocked, id=9320, stack(0x0000001269800000,0x0000001269900000)]
  0x00000182c6dd1800 JavaThread "Cache worker for cache directory md-supplier (C:\Users\Aman\.gradle\caches\7.0.2\md-supplier)" [_thread_blocked, id=6256, stack(0x0000001269900000,0x0000001269a00000)]
  0x00000182c6dcf000 JavaThread "Cache worker for cache directory md-rule (C:\Users\Aman\.gradle\caches\7.0.2\md-rule)" [_thread_blocked, id=10764, stack(0x0000001269a00000,0x0000001269b00000)]
  0x00000182c6dd0800 JavaThread "Cache worker for execution history cache (C:\Users\Aman\.gradle\caches\7.0.2\executionHistory)" [_thread_blocked, id=18640, stack(0x0000001269b00000,0x0000001269c00000)]
  0x00000182c6dd2000 JavaThread "Cache worker for file content cache (C:\Users\Aman\.gradle\caches\7.0.2\fileContent)" [_thread_blocked, id=1356, stack(0x0000001269c00000,0x0000001269d00000)]
  0x00000182cc602800 JavaThread "C2 CompilerThread1" daemon [_thread_in_native, id=21672, stack(0x0000001269d00000,0x0000001269e00000)]

Other Threads:
  0x00000182c54cc000 VMThread "VM Thread" [stack: 0x0000001266500000,0x0000001266600000] [id=19748]
  0x00000182c5fbf800 WatcherThread [stack: 0x0000001266f00000,0x0000001267000000] [id=19576]
  0x00000182aabec800 GCTaskThread "GC Thread#0" [stack: 0x0000001266000000,0x0000001266100000] [id=10476]
  0x00000182c6c45800 GCTaskThread "GC Thread#1" [stack: 0x0000001267000000,0x0000001267100000] [id=10748]
  0x00000182c73fc800 GCTaskThread "GC Thread#2" [stack: 0x0000001267b00000,0x0000001267c00000] [id=2140]
  0x00000182c744b800 GCTaskThread "GC Thread#3" [stack: 0x0000001267c00000,0x0000001267d00000] [id=2788]
  0x00000182c744c000 GCTaskThread "GC Thread#4" [stack: 0x0000001267d00000,0x0000001267e00000] [id=20804]
  0x00000182c7d84000 GCTaskThread "GC Thread#5" [stack: 0x0000001267e00000,0x0000001267f00000] [id=16016]
  0x00000182c7d84800 GCTaskThread "GC Thread#6" [stack: 0x0000001267f00000,0x0000001268000000] [id=19624]
  0x00000182c7d06000 GCTaskThread "GC Thread#7" [stack: 0x0000001268000000,0x0000001268100000] [id=20808]
  0x00000182c7cf3800 GCTaskThread "GC Thread#8" [stack: 0x0000001268100000,0x0000001268200000] [id=20752]
  0x00000182c7cf4800 GCTaskThread "GC Thread#9" [stack: 0x0000001268200000,0x0000001268300000] [id=20756]
  0x00000182aac1d800 ConcurrentGCThread "G1 Main Marker" [stack: 0x0000001266100000,0x0000001266200000] [id=10460]
  0x00000182aac1f000 ConcurrentGCThread "G1 Conc#0" [stack: 0x0000001266200000,0x0000001266300000] [id=19744]
  0x00000182c7f62000 ConcurrentGCThread "G1 Conc#1" [stack: 0x0000001268600000,0x0000001268700000] [id=20796]
  0x00000182c7f63000 ConcurrentGCThread "G1 Conc#2" [stack: 0x0000001268700000,0x0000001268800000] [id=20784]
  0x00000182c531c800 ConcurrentGCThread "G1 Refine#0" [stack: 0x0000001266300000,0x0000001266400000] [id=15528]
  0x00000182c79ad000 ConcurrentGCThread "G1 Refine#1" [stack: 0x0000001268300000,0x0000001268400000] [id=7352]
  0x00000182c531d000 ConcurrentGCThread "G1 Young RemSet Sampling" [stack: 0x0000001266400000,0x0000001266500000] [id=10312]

Threads with active compile tasks:
C2 CompilerThread0    21567 5885 %     4       org.objectweb.asm.ClassReader::readCode @ 2185 (5109 bytes)
C2 CompilerThread1    21567 5935       4       org.objectweb.asm.ClassReader::readField (667 bytes)

VM state:not at safepoint (normal execution)

VM Mutex/Monitor currently owned by a thread: None

Heap address: 0x0000000080000000, size: 2048 MB, Compressed Oops mode: 32-bit
Narrow klass base: 0x0000000000000000, Narrow klass shift: 3
Compressed class space size: 1073741824 Address: 0x0000000100000000

Heap:
 garbage-first heap   total 328704K, used 129078K [0x0000000080000000, 0x0000000100000000)
  region size 1024K, 23 young (23552K), 11 survivors (11264K)
 Metaspace       used 48416K, capacity 49643K, committed 49840K, reserved 1093632K
  class space    used 6107K, capacity 6559K, committed 6656K, reserved 1048576K
Heap Regions: E=young(eden), S=young(survivor), O=old, HS=humongous(starts), HC=humongous(continues), CS=collection set, F=free, A=archive, TAMS=top-at-mark-start (previous, next)
|   0|0x0000000080000000, 0x0000000080100000, 0x0000000080100000|100%| O|  |TAMS 0x0000000080100000, 0x0000000080000000| Untracked 
|   1|0x0000000080100000, 0x0000000080200000, 0x0000000080200000|100%| O|  |TAMS 0x0000000080200000, 0x0000000080100000| Untracked 
|   2|0x0000000080200000, 0x0000000080300000, 0x0000000080300000|100%| O|  |TAMS 0x0000000080300000, 0x0000000080200000| Untracked 
|   3|0x0000000080300000, 0x0000000080400000, 0x0000000080400000|100%|HS|  |TAMS 0x0000000080400000, 0x0000000080300000| Complete 
|   4|0x0000000080400000, 0x0000000080500000, 0x0000000080500000|100%|HC|  |TAMS 0x0000000080500000, 0x0000000080400000| Complete 
|   5|0x0000000080500000, 0x0000000080600000, 0x0000000080600000|100%|HC|  |TAMS 0x0000000080600000, 0x0000000080500000| Complete 
|   6|0x0000000080600000, 0x0000000080700000, 0x0000000080700000|100%| O|  |TAMS 0x0000000080700000, 0x0000000080600000| Untracked 
|   7|0x0000000080700000, 0x0000000080800000, 0x0000000080800000|100%| O|  |TAMS 0x0000000080800000, 0x0000000080700000| Untracked 
|   8|0x0000000080800000, 0x0000000080900000, 0x0000000080900000|100%| O|  |TAMS 0x0000000080900000, 0x0000000080800000| Untracked 
|   9|0x0000000080900000, 0x0000000080a00000, 0x0000000080a00000|100%| O|  |TAMS 0x0000000080a00000, 0x0000000080900000| Untracked 
|  10|0x0000000080a00000, 0x0000000080b00000, 0x0000000080b00000|100%| O|  |TAMS 0x0000000080b00000, 0x0000000080a00000| Untracked 
|  11|0x0000000080b00000, 0x0000000080c00000, 0x0000000080c00000|100%| O|  |TAMS 0x0000000080c00000, 0x0000000080b00000| Untracked 
|  12|0x0000000080c00000, 0x0000000080d00000, 0x0000000080d00000|100%| O|  |TAMS 0x0000000080d00000, 0x0000000080c00000| Untracked 
|  13|0x0000000080d00000, 0x0000000080e00000, 0x0000000080e00000|100%| O|  |TAMS 0x0000000080e00000, 0x0000000080d00000| Untracked 
|  14|0x0000000080e00000, 0x0000000080f00000, 0x0000000080f00000|100%| O|  |TAMS 0x0000000080f00000, 0x0000000080e00000| Untracked 
|  15|0x0000000080f00000, 0x0000000081000000, 0x0000000081000000|100%| O|  |TAMS 0x0000000081000000, 0x0000000080f00000| Untracked 
|  16|0x0000000081000000, 0x0000000081100000, 0x0000000081100000|100%|HS|  |TAMS 0x0000000081100000, 0x0000000081000000| Complete 
|  17|0x0000000081100000, 0x0000000081200000, 0x0000000081200000|100%|HC|  |TAMS 0x0000000081200000, 0x0000000081100000| Complete 
|  18|0x0000000081200000, 0x0000000081300000, 0x0000000081300000|100%|HS|  |TAMS 0x0000000081300000, 0x0000000081200000| Complete 
|  19|0x0000000081300000, 0x0000000081400000, 0x0000000081400000|100%|HC|  |TAMS 0x0000000081400000, 0x0000000081300000| Complete 
|  20|0x0000000081400000, 0x0000000081500000, 0x0000000081500000|100%|HC|  |TAMS 0x0000000081500000, 0x0000000081400000| Complete 
|  21|0x0000000081500000, 0x0000000081600000, 0x0000000081600000|100%|HS|  |TAMS 0x0000000081600000, 0x0000000081500000| Complete 
|  22|0x0000000081600000, 0x0000000081700000, 0x0000000081700000|100%|HC|  |TAMS 0x0000000081700000, 0x0000000081600000| Complete 
|  23|0x0000000081700000, 0x0000000081800000, 0x0000000081800000|100%|HC|  |TAMS 0x0000000081800000, 0x0000000081700000| Complete 
|  24|0x0000000081800000, 0x0000000081900000, 0x0000000081900000|100%|HS|  |TAMS 0x0000000081900000, 0x0000000081800000| Complete 
|  25|0x0000000081900000, 0x0000000081a00000, 0x0000000081a00000|100%|HC|  |TAMS 0x0000000081a00000, 0x0000000081900000| Complete 
|  26|0x0000000081a00000, 0x0000000081b00000, 0x0000000081b00000|100%|HS|  |TAMS 0x0000000081b00000, 0x0000000081a00000| Complete 
|  27|0x0000000081b00000, 0x0000000081c00000, 0x0000000081c00000|100%|HC|  |TAMS 0x0000000081c00000, 0x0000000081b00000| Complete 
|  28|0x0000000081c00000, 0x0000000081d00000, 0x0000000081d00000|100%|HC|  |TAMS 0x0000000081d00000, 0x0000000081c00000| Complete 
|  29|0x0000000081d00000, 0x0000000081e00000, 0x0000000081e00000|100%|HC|  |TAMS 0x0000000081e00000, 0x0000000081d00000| Complete 
|  30|0x0000000081e00000, 0x0000000081f00000, 0x0000000081f00000|100%|HC|  |TAMS 0x0000000081f00000, 0x0000000081e00000| Complete 
|  31|0x0000000081f00000, 0x0000000082000000, 0x0000000082000000|100%|HC|  |TAMS 0x0000000082000000, 0x0000000081f00000| Complete 
|  32|0x0000000082000000, 0x0000000082100000, 0x0000000082100000|100%|HC|  |TAMS 0x0000000082100000, 0x0000000082000000| Complete 
|  33|0x0000000082100000, 0x0000000082200000, 0x0000000082200000|100%|HC|  |TAMS 0x0000000082200000, 0x0000000082100000| Complete 
|  34|0x0000000082200000, 0x0000000082300000, 0x0000000082300000|100%|HC|  |TAMS 0x0000000082300000, 0x0000000082200000| Complete 
|  35|0x0000000082300000, 0x0000000082400000, 0x0000000082400000|100%|HC|  |TAMS 0x0000000082400000, 0x0000000082300000| Complete 
|  36|0x0000000082400000, 0x0000000082500000, 0x0000000082500000|100%|HS|  |TAMS 0x0000000082500000, 0x0000000082400000| Complete 
|  37|0x0000000082500000, 0x0000000082600000, 0x0000000082600000|100%|HC|  |TAMS 0x0000000082600000, 0x0000000082500000| Complete 
|  38|0x0000000082600000, 0x0000000082700000, 0x0000000082700000|100%|HS|  |TAMS 0x0000000082700000, 0x0000000082600000| Complete 
|  39|0x0000000082700000, 0x0000000082800000, 0x0000000082800000|100%|HC|  |TAMS 0x0000000082800000, 0x0000000082700000| Complete 
|  40|0x0000000082800000, 0x0000000082900000, 0x0000000082900000|100%|HC|  |TAMS 0x0000000082900000, 0x0000000082800000| Complete 
|  41|0x0000000082900000, 0x0000000082a00000, 0x0000000082a00000|100%|HC|  |TAMS 0x0000000082a00000, 0x0000000082900000| Complete 
|  42|0x0000000082a00000, 0x0000000082b00000, 0x0000000082b00000|100%|HC|  |TAMS 0x0000000082b00000, 0x0000000082a00000| Complete 
|  43|0x0000000082b00000, 0x0000000082c00000, 0x0000000082c00000|100%| O|  |TAMS 0x0000000082c00000, 0x0000000082b00000| Untracked 
|  44|0x0000000082c00000, 0x0000000082d00000, 0x0000000082d00000|100%| O|  |TAMS 0x0000000082d00000, 0x0000000082c00000| Untracked 
|  45|0x0000000082d00000, 0x0000000082e00000, 0x0000000082e00000|100%| O|  |TAMS 0x0000000082e00000, 0x0000000082d00000| Untracked 
|  46|0x0000000082e00000, 0x0000000082f00000, 0x0000000082f00000|100%| O|  |TAMS 0x0000000082f00000, 0x0000000082e00000| Untracked 
|  47|0x0000000082f00000, 0x0000000083000000, 0x0000000083000000|100%| O|  |TAMS 0x0000000083000000, 0x0000000082f00000| Untracked 
|  48|0x0000000083000000, 0x0000000083100000, 0x0000000083100000|100%| O|  |TAMS 0x0000000083100000, 0x0000000083000000| Untracked 
|  49|0x0000000083100000, 0x0000000083200000, 0x0000000083200000|100%| O|  |TAMS 0x0000000083200000, 0x0000000083100000| Untracked 
|  50|0x0000000083200000, 0x0000000083300000, 0x0000000083300000|100%| O|  |TAMS 0x0000000083300000, 0x0000000083200000| Untracked 
|  51|0x0000000083300000, 0x0000000083400000, 0x0000000083400000|100%| O|  |TAMS 0x0000000083400000, 0x0000000083300000| Untracked 
|  52|0x0000000083400000, 0x0000000083500000, 0x0000000083500000|100%| O|  |TAMS 0x0000000083500000, 0x0000000083400000| Untracked 
|  53|0x0000000083500000, 0x0000000083600000, 0x0000000083600000|100%| O|  |TAMS 0x0000000083600000, 0x0000000083500000| Untracked 
|  54|0x0000000083600000, 0x0000000083700000, 0x0000000083700000|100%| O|  |TAMS 0x0000000083700000, 0x0000000083600000| Untracked 
|  55|0x0000000083700000, 0x0000000083800000, 0x0000000083800000|100%| O|  |TAMS 0x0000000083800000, 0x0000000083700000| Untracked 
|  56|0x0000000083800000, 0x0000000083900000, 0x0000000083900000|100%| O|  |TAMS 0x0000000083900000, 0x0000000083800000| Untracked 
|  57|0x0000000083900000, 0x0000000083a00000, 0x0000000083a00000|100%| O|  |TAMS 0x0000000083a00000, 0x0000000083900000| Untracked 
|  58|0x0000000083a00000, 0x0000000083b00000, 0x0000000083b00000|100%|HS|  |TAMS 0x0000000083a00000, 0x0000000083a00000| Complete 
|  59|0x0000000083b00000, 0x0000000083c00000, 0x0000000083c00000|100%|HC|  |TAMS 0x0000000083b00000, 0x0000000083b00000| Complete 
|  60|0x0000000083c00000, 0x0000000083d00000, 0x0000000083d00000|100%| O|  |TAMS 0x0000000083d00000, 0x0000000083c00000| Untracked 
|  61|0x0000000083d00000, 0x0000000083e00000, 0x0000000083e00000|100%| O|  |TAMS 0x0000000083e00000, 0x0000000083d00000| Untracked 
|  62|0x0000000083e00000, 0x0000000083f00000, 0x0000000083f00000|100%| O|  |TAMS 0x0000000083f00000, 0x0000000083e00000| Untracked 
|  63|0x0000000083f00000, 0x0000000084000000, 0x0000000084000000|100%| O|  |TAMS 0x0000000084000000, 0x0000000083f00000| Untracked 
|  64|0x0000000084000000, 0x0000000084100000, 0x0000000084100000|100%|HS|  |TAMS 0x0000000084000000, 0x0000000084000000| Complete 
|  65|0x0000000084100000, 0x0000000084200000, 0x0000000084200000|100%|HC|  |TAMS 0x0000000084100000, 0x0000000084100000| Complete 
|  66|0x0000000084200000, 0x0000000084300000, 0x0000000084300000|100%|HC|  |TAMS 0x0000000084200000, 0x0000000084200000| Complete 
|  67|0x0000000084300000, 0x0000000084400000, 0x0000000084400000|100%|HC|  |TAMS 0x0000000084300000, 0x0000000084300000| Complete 
|  68|0x0000000084400000, 0x0000000084500000, 0x0000000084500000|100%|HC|  |TAMS 0x0000000084400000, 0x0000000084400000| Complete 
|  69|0x0000000084500000, 0x0000000084600000, 0x0000000084600000|100%| O|  |TAMS 0x0000000084600000, 0x0000000084500000| Untracked 
|  70|0x0000000084600000, 0x0000000084700000, 0x0000000084700000|100%| O|  |TAMS 0x0000000084600000, 0x0000000084600000| Untracked 
|  71|0x0000000084700000, 0x0000000084800000, 0x0000000084800000|100%| O|  |TAMS 0x0000000084800000, 0x0000000084700000| Untracked 
|  72|0x0000000084800000, 0x0000000084900000, 0x0000000084900000|100%| O|  |TAMS 0x0000000084900000, 0x0000000084800000| Untracked 
|  73|0x0000000084900000, 0x0000000084a00000, 0x0000000084a00000|100%| O|  |TAMS 0x0000000084a00000, 0x0000000084900000| Untracked 
|  74|0x0000000084a00000, 0x0000000084b00000, 0x0000000084b00000|100%| O|  |TAMS 0x0000000084b00000, 0x0000000084a00000| Untracked 
|  75|0x0000000084b00000, 0x0000000084c00000, 0x0000000084c00000|100%| O|  |TAMS 0x0000000084bc5600, 0x0000000084b00000| Untracked 
|  76|0x0000000084c00000, 0x0000000084d00000, 0x0000000084d00000|100%| O|  |TAMS 0x0000000084c00000, 0x0000000084c00000| Untracked 
|  77|0x0000000084d00000, 0x0000000084e00000, 0x0000000084e00000|100%| O|  |TAMS 0x0000000084d00000, 0x0000000084d00000| Untracked 
|  78|0x0000000084e00000, 0x0000000084f00000, 0x0000000084f00000|100%| O|  |TAMS 0x0000000084e00000, 0x0000000084e00000| Untracked 
|  79|0x0000000084f00000, 0x0000000085000000, 0x0000000085000000|100%| O|  |TAMS 0x0000000084f00000, 0x0000000084f00000| Untracked 
|  80|0x0000000085000000, 0x0000000085100000, 0x0000000085100000|100%| O|  |TAMS 0x0000000085000000, 0x0000000085000000| Untracked 
|  81|0x0000000085100000, 0x0000000085200000, 0x0000000085200000|100%| O|  |TAMS 0x0000000085100000, 0x0000000085100000| Untracked 
|  82|0x0000000085200000, 0x0000000085300000, 0x0000000085300000|100%| O|  |TAMS 0x0000000085200000, 0x0000000085200000| Untracked 
|  83|0x0000000085300000, 0x0000000085400000, 0x0000000085400000|100%| O|  |TAMS 0x0000000085300000, 0x0000000085300000| Untracked 
|  84|0x0000000085400000, 0x0000000085500000, 0x0000000085500000|100%| O|  |TAMS 0x0000000085400000, 0x0000000085400000| Untracked 
|  85|0x0000000085500000, 0x0000000085600000, 0x0000000085600000|100%|HS|  |TAMS 0x0000000085500000, 0x0000000085500000| Complete 
|  86|0x0000000085600000, 0x0000000085700000, 0x0000000085700000|100%|HC|  |TAMS 0x0000000085600000, 0x0000000085600000| Complete 
|  87|0x0000000085700000, 0x0000000085800000, 0x0000000085800000|100%| O|  |TAMS 0x0000000085700000, 0x0000000085700000| Untracked 
|  88|0x0000000085800000, 0x000000008580da00, 0x0000000085900000|  5%| O|  |TAMS 0x0000000085800000, 0x0000000085800000| Untracked 
|  89|0x0000000085900000, 0x0000000085900000, 0x0000000085a00000|  0%| F|  |TAMS 0x0000000085900000, 0x0000000085900000| Untracked 
|  90|0x0000000085a00000, 0x0000000085a00000, 0x0000000085b00000|  0%| F|  |TAMS 0x0000000085a00000, 0x0000000085a00000| Untracked 
|  91|0x0000000085b00000, 0x0000000085b00000, 0x0000000085c00000|  0%| F|  |TAMS 0x0000000085b00000, 0x0000000085b00000| Untracked 
|  92|0x0000000085c00000, 0x0000000085c00000, 0x0000000085d00000|  0%| F|  |TAMS 0x0000000085c00000, 0x0000000085c00000| Untracked 
|  93|0x0000000085d00000, 0x0000000085d00000, 0x0000000085e00000|  0%| F|  |TAMS 0x0000000085d00000, 0x0000000085d00000| Untracked 
|  94|0x0000000085e00000, 0x0000000085e00000, 0x0000000085f00000|  0%| F|  |TAMS 0x0000000085e00000, 0x0000000085e00000| Untracked 
|  95|0x0000000085f00000, 0x0000000085f00000, 0x0000000086000000|  0%| F|  |TAMS 0x0000000085f00000, 0x0000000085f00000| Untracked 
|  96|0x0000000086000000, 0x0000000086000000, 0x0000000086100000|  0%| F|  |TAMS 0x0000000086000000, 0x0000000086000000| Untracked 
|  97|0x0000000086100000, 0x0000000086100000, 0x0000000086200000|  0%| F|  |TAMS 0x0000000086100000, 0x0000000086100000| Untracked 
|  98|0x0000000086200000, 0x0000000086200000, 0x0000000086300000|  0%| F|  |TAMS 0x0000000086200000, 0x0000000086200000| Untracked 
|  99|0x0000000086300000, 0x0000000086300000, 0x0000000086400000|  0%| F|  |TAMS 0x0000000086300000, 0x0000000086300000| Untracked 
| 100|0x0000000086400000, 0x0000000086400000, 0x0000000086500000|  0%| F|  |TAMS 0x0000000086400000, 0x0000000086400000| Untracked 
| 101|0x0000000086500000, 0x0000000086500000, 0x0000000086600000|  0%| F|  |TAMS 0x0000000086500000, 0x0000000086500000| Untracked 
| 102|0x0000000086600000, 0x0000000086600000, 0x0000000086700000|  0%| F|  |TAMS 0x0000000086600000, 0x0000000086600000| Untracked 
| 103|0x0000000086700000, 0x0000000086800000, 0x0000000086800000|100%|HS|  |TAMS 0x0000000086700000, 0x0000000086700000| Complete 
| 104|0x0000000086800000, 0x0000000086900000, 0x0000000086900000|100%|HC|  |TAMS 0x0000000086800000, 0x0000000086800000| Complete 
| 105|0x0000000086900000, 0x0000000086a00000, 0x0000000086a00000|100%|HC|  |TAMS 0x0000000086900000, 0x0000000086900000| Complete 
| 106|0x0000000086a00000, 0x0000000086b00000, 0x0000000086b00000|100%|HS|  |TAMS 0x0000000086a00000, 0x0000000086a00000| Complete 
| 107|0x0000000086b00000, 0x0000000086c00000, 0x0000000086c00000|100%|HC|  |TAMS 0x0000000086b00000, 0x0000000086b00000| Complete 
| 108|0x0000000086c00000, 0x0000000086d00000, 0x0000000086d00000|100%|HC|  |TAMS 0x0000000086c00000, 0x0000000086c00000| Complete 
| 109|0x0000000086d00000, 0x0000000086d00000, 0x0000000086e00000|  0%| F|  |TAMS 0x0000000086d00000, 0x0000000086d00000| Untracked 
| 110|0x0000000086e00000, 0x0000000086e00000, 0x0000000086f00000|  0%| F|  |TAMS 0x0000000086e00000, 0x0000000086e00000| Untracked 
| 111|0x0000000086f00000, 0x0000000086f00000, 0x0000000087000000|  0%| F|  |TAMS 0x0000000086f00000, 0x0000000086f00000| Untracked 
| 112|0x0000000087000000, 0x0000000087000000, 0x0000000087100000|  0%| F|  |TAMS 0x0000000087000000, 0x0000000087000000| Untracked 
| 113|0x0000000087100000, 0x0000000087100000, 0x0000000087200000|  0%| F|  |TAMS 0x0000000087100000, 0x0000000087100000| Untracked 
| 114|0x0000000087200000, 0x0000000087200000, 0x0000000087300000|  0%| F|  |TAMS 0x0000000087200000, 0x0000000087200000| Untracked 
| 115|0x0000000087300000, 0x0000000087300000, 0x0000000087400000|  0%| F|  |TAMS 0x0000000087300000, 0x0000000087300000| Untracked 
| 116|0x0000000087400000, 0x0000000087400000, 0x0000000087500000|  0%| F|  |TAMS 0x0000000087400000, 0x0000000087400000| Untracked 
| 117|0x0000000087500000, 0x0000000087500000, 0x0000000087600000|  0%| F|  |TAMS 0x0000000087500000, 0x0000000087500000| Untracked 
| 118|0x0000000087600000, 0x0000000087600000, 0x0000000087700000|  0%| F|  |TAMS 0x0000000087600000, 0x0000000087600000| Untracked 
| 119|0x0000000087700000, 0x0000000087700000, 0x0000000087800000|  0%| F|  |TAMS 0x0000000087700000, 0x0000000087700000| Untracked 
| 120|0x0000000087800000, 0x0000000087800000, 0x0000000087900000|  0%| F|  |TAMS 0x0000000087800000, 0x0000000087800000| Untracked 
| 121|0x0000000087900000, 0x0000000087900000, 0x0000000087a00000|  0%| F|  |TAMS 0x0000000087900000, 0x0000000087900000| Untracked 
| 122|0x0000000087a00000, 0x0000000087a00000, 0x0000000087b00000|  0%| F|  |TAMS 0x0000000087a00000, 0x0000000087a00000| Untracked 
| 123|0x0000000087b00000, 0x0000000087b00000, 0x0000000087c00000|  0%| F|  |TAMS 0x0000000087b00000, 0x0000000087b00000| Untracked 
| 124|0x0000000087c00000, 0x0000000087c00000, 0x0000000087d00000|  0%| F|  |TAMS 0x0000000087c00000, 0x0000000087c00000| Untracked 
| 125|0x0000000087d00000, 0x0000000087d00000, 0x0000000087e00000|  0%| F|  |TAMS 0x0000000087d00000, 0x0000000087d00000| Untracked 
| 126|0x0000000087e00000, 0x0000000087e00000, 0x0000000087f00000|  0%| F|  |TAMS 0x0000000087e00000, 0x0000000087e00000| Untracked 
| 127|0x0000000087f00000, 0x0000000087f00000, 0x0000000088000000|  0%| F|  |TAMS 0x0000000087f00000, 0x0000000087f00000| Untracked 
| 128|0x0000000088000000, 0x0000000088100000, 0x0000000088100000|100%| S|CS|TAMS 0x0000000088000000, 0x0000000088000000| Complete 
| 129|0x0000000088100000, 0x0000000088200000, 0x0000000088200000|100%| S|CS|TAMS 0x0000000088100000, 0x0000000088100000| Complete 
| 130|0x0000000088200000, 0x0000000088300000, 0x0000000088300000|100%| S|CS|TAMS 0x0000000088200000, 0x0000000088200000| Complete 
| 131|0x0000000088300000, 0x0000000088400000, 0x0000000088400000|100%| S|CS|TAMS 0x0000000088300000, 0x0000000088300000| Complete 
| 132|0x0000000088400000, 0x0000000088500000, 0x0000000088500000|100%|HS|  |TAMS 0x0000000088400000, 0x0000000088400000| Complete 
| 133|0x0000000088500000, 0x0000000088600000, 0x0000000088600000|100%|HC|  |TAMS 0x0000000088500000, 0x0000000088500000| Complete 
| 134|0x0000000088600000, 0x0000000088700000, 0x0000000088700000|100%|HC|  |TAMS 0x0000000088600000, 0x0000000088600000| Complete 
| 135|0x0000000088700000, 0x0000000088800000, 0x0000000088800000|100%|HC|  |TAMS 0x0000000088700000, 0x0000000088700000| Complete 
| 136|0x0000000088800000, 0x0000000088900000, 0x0000000088900000|100%|HC|  |TAMS 0x0000000088800000, 0x0000000088800000| Complete 
| 137|0x0000000088900000, 0x0000000088a00000, 0x0000000088a00000|100%|HC|  |TAMS 0x0000000088900000, 0x0000000088900000| Complete 
| 138|0x0000000088a00000, 0x0000000088b00000, 0x0000000088b00000|100%|HC|  |TAMS 0x0000000088a00000, 0x0000000088a00000| Complete 
| 139|0x0000000088b00000, 0x0000000088c00000, 0x0000000088c00000|100%|HC|  |TAMS 0x0000000088b00000, 0x0000000088b00000| Complete 
| 140|0x0000000088c00000, 0x0000000088d00000, 0x0000000088d00000|100%|HC|  |TAMS 0x0000000088c00000, 0x0000000088c00000| Complete 
| 141|0x0000000088d00000, 0x0000000088e00000, 0x0000000088e00000|100%|HC|  |TAMS 0x0000000088d00000, 0x0000000088d00000| Complete 
| 142|0x0000000088e00000, 0x0000000088f00000, 0x0000000088f00000|100%| S|CS|TAMS 0x0000000088e00000, 0x0000000088e00000| Complete 
| 143|0x0000000088f00000, 0x0000000089000000, 0x0000000089000000|100%| S|CS|TAMS 0x0000000088f00000, 0x0000000088f00000| Complete 
| 144|0x0000000089000000, 0x0000000089100000, 0x0000000089100000|100%| S|CS|TAMS 0x0000000089000000, 0x0000000089000000| Complete 
| 145|0x0000000089100000, 0x0000000089200000, 0x0000000089200000|100%| S|CS|TAMS 0x0000000089100000, 0x0000000089100000| Complete 
| 146|0x0000000089200000, 0x0000000089300000, 0x0000000089300000|100%| S|CS|TAMS 0x0000000089200000, 0x0000000089200000| Complete 
| 147|0x0000000089300000, 0x0000000089300000, 0x0000000089400000|  0%| F|  |TAMS 0x0000000089300000, 0x0000000089300000| Untracked 
| 148|0x0000000089400000, 0x0000000089400000, 0x0000000089500000|  0%| F|  |TAMS 0x0000000089400000, 0x0000000089400000| Untracked 
| 149|0x0000000089500000, 0x0000000089500000, 0x0000000089600000|  0%| F|  |TAMS 0x0000000089500000, 0x0000000089500000| Untracked 
| 150|0x0000000089600000, 0x0000000089600000, 0x0000000089700000|  0%| F|  |TAMS 0x0000000089600000, 0x0000000089600000| Untracked 
| 151|0x0000000089700000, 0x0000000089700000, 0x0000000089800000|  0%| F|  |TAMS 0x0000000089700000, 0x0000000089700000| Untracked 
| 152|0x0000000089800000, 0x0000000089800000, 0x0000000089900000|  0%| F|  |TAMS 0x0000000089800000, 0x0000000089800000| Untracked 
| 153|0x0000000089900000, 0x0000000089900000, 0x0000000089a00000|  0%| F|  |TAMS 0x0000000089900000, 0x0000000089900000| Untracked 
| 154|0x0000000089a00000, 0x0000000089a00000, 0x0000000089b00000|  0%| F|  |TAMS 0x0000000089a00000, 0x0000000089a00000| Untracked 
| 155|0x0000000089b00000, 0x0000000089b00000, 0x0000000089c00000|  0%| F|  |TAMS 0x0000000089b00000, 0x0000000089b00000| Untracked 
| 156|0x0000000089c00000, 0x0000000089c00000, 0x0000000089d00000|  0%| F|  |TAMS 0x0000000089c00000, 0x0000000089c00000| Untracked 
| 157|0x0000000089d00000, 0x0000000089d00000, 0x0000000089e00000|  0%| F|  |TAMS 0x0000000089d00000, 0x0000000089d00000| Untracked 
| 158|0x0000000089e00000, 0x0000000089e00000, 0x0000000089f00000|  0%| F|  |TAMS 0x0000000089e00000, 0x0000000089e00000| Untracked 
| 159|0x0000000089f00000, 0x0000000089f00000, 0x000000008a000000|  0%| F|  |TAMS 0x0000000089f00000, 0x0000000089f00000| Untracked 
| 160|0x000000008a000000, 0x000000008a100000, 0x000000008a100000|100%| S|CS|TAMS 0x000000008a000000, 0x000000008a000000| Complete 
| 161|0x000000008a100000, 0x000000008a200000, 0x000000008a200000|100%| S|CS|TAMS 0x000000008a100000, 0x000000008a100000| Complete 
| 162|0x000000008a200000, 0x000000008a200000, 0x000000008a300000|  0%| F|  |TAMS 0x000000008a200000, 0x000000008a200000| Untracked 
| 163|0x000000008a300000, 0x000000008a300000, 0x000000008a400000|  0%| F|  |TAMS 0x000000008a300000, 0x000000008a300000| Untracked 
| 164|0x000000008a400000, 0x000000008a400000, 0x000000008a500000|  0%| F|  |TAMS 0x000000008a400000, 0x000000008a400000| Untracked 
| 165|0x000000008a500000, 0x000000008a500000, 0x000000008a600000|  0%| F|  |TAMS 0x000000008a500000, 0x000000008a500000| Untracked 
| 166|0x000000008a600000, 0x000000008a600000, 0x000000008a700000|  0%| F|  |TAMS 0x000000008a600000, 0x000000008a600000| Untracked 
| 167|0x000000008a700000, 0x000000008a700000, 0x000000008a800000|  0%| F|  |TAMS 0x000000008a700000, 0x000000008a700000| Untracked 
| 168|0x000000008a800000, 0x000000008a800000, 0x000000008a900000|  0%| F|  |TAMS 0x000000008a800000, 0x000000008a800000| Untracked 
| 169|0x000000008a900000, 0x000000008a900000, 0x000000008aa00000|  0%| F|  |TAMS 0x000000008a900000, 0x000000008a900000| Untracked 
| 170|0x000000008aa00000, 0x000000008aa00000, 0x000000008ab00000|  0%| F|  |TAMS 0x000000008aa00000, 0x000000008aa00000| Untracked 
| 171|0x000000008ab00000, 0x000000008ab00000, 0x000000008ac00000|  0%| F|  |TAMS 0x000000008ab00000, 0x000000008ab00000| Untracked 
| 172|0x000000008ac00000, 0x000000008ac00000, 0x000000008ad00000|  0%| F|  |TAMS 0x000000008ac00000, 0x000000008ac00000| Untracked 
| 173|0x000000008ad00000, 0x000000008ad00000, 0x000000008ae00000|  0%| F|  |TAMS 0x000000008ad00000, 0x000000008ad00000| Untracked 
| 174|0x000000008ae00000, 0x000000008ae00000, 0x000000008af00000|  0%| F|  |TAMS 0x000000008ae00000, 0x000000008ae00000| Untracked 
| 175|0x000000008af00000, 0x000000008af00000, 0x000000008b000000|  0%| F|  |TAMS 0x000000008af00000, 0x000000008af00000| Untracked 
| 176|0x000000008b000000, 0x000000008b000000, 0x000000008b100000|  0%| F|  |TAMS 0x000000008b000000, 0x000000008b000000| Untracked 
| 177|0x000000008b100000, 0x000000008b100000, 0x000000008b200000|  0%| F|  |TAMS 0x000000008b100000, 0x000000008b100000| Untracked 
| 178|0x000000008b200000, 0x000000008b200000, 0x000000008b300000|  0%| F|  |TAMS 0x000000008b200000, 0x000000008b200000| Untracked 
| 179|0x000000008b300000, 0x000000008b300000, 0x000000008b400000|  0%| F|  |TAMS 0x000000008b300000, 0x000000008b300000| Untracked 
| 180|0x000000008b400000, 0x000000008b400000, 0x000000008b500000|  0%| F|  |TAMS 0x000000008b400000, 0x000000008b400000| Untracked 
| 181|0x000000008b500000, 0x000000008b500000, 0x000000008b600000|  0%| F|  |TAMS 0x000000008b500000, 0x000000008b500000| Untracked 
| 182|0x000000008b600000, 0x000000008b600000, 0x000000008b700000|  0%| F|  |TAMS 0x000000008b600000, 0x000000008b600000| Untracked 
| 183|0x000000008b700000, 0x000000008b700000, 0x000000008b800000|  0%| F|  |TAMS 0x000000008b700000, 0x000000008b700000| Untracked 
| 184|0x000000008b800000, 0x000000008b800000, 0x000000008b900000|  0%| F|  |TAMS 0x000000008b800000, 0x000000008b800000| Untracked 
| 185|0x000000008b900000, 0x000000008b900000, 0x000000008ba00000|  0%| F|  |TAMS 0x000000008b900000, 0x000000008b900000| Untracked 
| 186|0x000000008ba00000, 0x000000008ba00000, 0x000000008bb00000|  0%| F|  |TAMS 0x000000008ba00000, 0x000000008ba00000| Untracked 
| 187|0x000000008bb00000, 0x000000008bb00000, 0x000000008bc00000|  0%| F|  |TAMS 0x000000008bb00000, 0x000000008bb00000| Untracked 
| 188|0x000000008bc00000, 0x000000008bc00000, 0x000000008bd00000|  0%| F|  |TAMS 0x000000008bc00000, 0x000000008bc00000| Untracked 
| 189|0x000000008bd00000, 0x000000008bd00000, 0x000000008be00000|  0%| F|  |TAMS 0x000000008bd00000, 0x000000008bd00000| Untracked 
| 190|0x000000008be00000, 0x000000008be00000, 0x000000008bf00000|  0%| F|  |TAMS 0x000000008be00000, 0x000000008be00000| Untracked 
| 191|0x000000008bf00000, 0x000000008bf00000, 0x000000008c000000|  0%| F|  |TAMS 0x000000008bf00000, 0x000000008bf00000| Untracked 
| 192|0x000000008c000000, 0x000000008c000000, 0x000000008c100000|  0%| F|  |TAMS 0x000000008c000000, 0x000000008c000000| Untracked 
| 193|0x000000008c100000, 0x000000008c100000, 0x000000008c200000|  0%| F|  |TAMS 0x000000008c100000, 0x000000008c100000| Untracked 
| 194|0x000000008c200000, 0x000000008c200000, 0x000000008c300000|  0%| F|  |TAMS 0x000000008c200000, 0x000000008c200000| Untracked 
| 195|0x000000008c300000, 0x000000008c300000, 0x000000008c400000|  0%| F|  |TAMS 0x000000008c300000, 0x000000008c300000| Untracked 
| 196|0x000000008c400000, 0x000000008c400000, 0x000000008c500000|  0%| F|  |TAMS 0x000000008c400000, 0x000000008c400000| Untracked 
| 197|0x000000008c500000, 0x000000008c500000, 0x000000008c600000|  0%| F|  |TAMS 0x000000008c500000, 0x000000008c500000| Untracked 
| 198|0x000000008c600000, 0x000000008c600000, 0x000000008c700000|  0%| F|  |TAMS 0x000000008c600000, 0x000000008c600000| Untracked 
| 199|0x000000008c700000, 0x000000008c700000, 0x000000008c800000|  0%| F|  |TAMS 0x000000008c700000, 0x000000008c700000| Untracked 
| 200|0x000000008c800000, 0x000000008c800000, 0x000000008c900000|  0%| F|  |TAMS 0x000000008c800000, 0x000000008c800000| Untracked 
| 201|0x000000008c900000, 0x000000008c900000, 0x000000008ca00000|  0%| F|  |TAMS 0x000000008c900000, 0x000000008c900000| Untracked 
| 202|0x000000008ca00000, 0x000000008ca00000, 0x000000008cb00000|  0%| F|  |TAMS 0x000000008ca00000, 0x000000008ca00000| Untracked 
| 203|0x000000008cb00000, 0x000000008cb00000, 0x000000008cc00000|  0%| F|  |TAMS 0x000000008cb00000, 0x000000008cb00000| Untracked 
| 204|0x000000008cc00000, 0x000000008cc00000, 0x000000008cd00000|  0%| F|  |TAMS 0x000000008cc00000, 0x000000008cc00000| Untracked 
| 205|0x000000008cd00000, 0x000000008cd00000, 0x000000008ce00000|  0%| F|  |TAMS 0x000000008cd00000, 0x000000008cd00000| Untracked 
| 206|0x000000008ce00000, 0x000000008ce00000, 0x000000008cf00000|  0%| F|  |TAMS 0x000000008ce00000, 0x000000008ce00000| Untracked 
| 207|0x000000008cf00000, 0x000000008cf00000, 0x000000008d000000|  0%| F|  |TAMS 0x000000008cf00000, 0x000000008cf00000| Untracked 
| 208|0x000000008d000000, 0x000000008d000000, 0x000000008d100000|  0%| F|  |TAMS 0x000000008d000000, 0x000000008d000000| Untracked 
| 209|0x000000008d100000, 0x000000008d100000, 0x000000008d200000|  0%| F|  |TAMS 0x000000008d100000, 0x000000008d100000| Untracked 
| 210|0x000000008d200000, 0x000000008d200000, 0x000000008d300000|  0%| F|  |TAMS 0x000000008d200000, 0x000000008d200000| Untracked 
| 211|0x000000008d300000, 0x000000008d300000, 0x000000008d400000|  0%| F|  |TAMS 0x000000008d300000, 0x000000008d300000| Untracked 
| 212|0x000000008d400000, 0x000000008d400000, 0x000000008d500000|  0%| F|  |TAMS 0x000000008d400000, 0x000000008d400000| Untracked 
| 213|0x000000008d500000, 0x000000008d500000, 0x000000008d600000|  0%| F|  |TAMS 0x000000008d500000, 0x000000008d500000| Untracked 
| 214|0x000000008d600000, 0x000000008d600000, 0x000000008d700000|  0%| F|  |TAMS 0x000000008d600000, 0x000000008d600000| Untracked 
| 215|0x000000008d700000, 0x000000008d700000, 0x000000008d800000|  0%| F|  |TAMS 0x000000008d700000, 0x000000008d700000| Untracked 
| 216|0x000000008d800000, 0x000000008d800000, 0x000000008d900000|  0%| F|  |TAMS 0x000000008d800000, 0x000000008d800000| Untracked 
| 217|0x000000008d900000, 0x000000008d900000, 0x000000008da00000|  0%| F|  |TAMS 0x000000008d900000, 0x000000008d900000| Untracked 
| 218|0x000000008da00000, 0x000000008da00000, 0x000000008db00000|  0%| F|  |TAMS 0x000000008da00000, 0x000000008da00000| Untracked 
| 219|0x000000008db00000, 0x000000008db00000, 0x000000008dc00000|  0%| F|  |TAMS 0x000000008db00000, 0x000000008db00000| Untracked 
| 220|0x000000008dc00000, 0x000000008dc00000, 0x000000008dd00000|  0%| F|  |TAMS 0x000000008dc00000, 0x000000008dc00000| Untracked 
| 221|0x000000008dd00000, 0x000000008dd00000, 0x000000008de00000|  0%| F|  |TAMS 0x000000008dd00000, 0x000000008dd00000| Untracked 
| 222|0x000000008de00000, 0x000000008de00000, 0x000000008df00000|  0%| F|  |TAMS 0x000000008de00000, 0x000000008de00000| Untracked 
| 223|0x000000008df00000, 0x000000008df00000, 0x000000008e000000|  0%| F|  |TAMS 0x000000008df00000, 0x000000008df00000| Untracked 
| 224|0x000000008e000000, 0x000000008e000000, 0x000000008e100000|  0%| F|  |TAMS 0x000000008e000000, 0x000000008e000000| Untracked 
| 225|0x000000008e100000, 0x000000008e100000, 0x000000008e200000|  0%| F|  |TAMS 0x000000008e100000, 0x000000008e100000| Untracked 
| 226|0x000000008e200000, 0x000000008e200000, 0x000000008e300000|  0%| F|  |TAMS 0x000000008e200000, 0x000000008e200000| Untracked 
| 227|0x000000008e300000, 0x000000008e300000, 0x000000008e400000|  0%| F|  |TAMS 0x000000008e300000, 0x000000008e300000| Untracked 
| 228|0x000000008e400000, 0x000000008e400000, 0x000000008e500000|  0%| F|  |TAMS 0x000000008e400000, 0x000000008e400000| Untracked 
| 229|0x000000008e500000, 0x000000008e500000, 0x000000008e600000|  0%| F|  |TAMS 0x000000008e500000, 0x000000008e500000| Untracked 
| 230|0x000000008e600000, 0x000000008e600000, 0x000000008e700000|  0%| F|  |TAMS 0x000000008e600000, 0x000000008e600000| Untracked 
| 231|0x000000008e700000, 0x000000008e700000, 0x000000008e800000|  0%| F|  |TAMS 0x000000008e700000, 0x000000008e700000| Untracked 
| 232|0x000000008e800000, 0x000000008e800000, 0x000000008e900000|  0%| F|  |TAMS 0x000000008e800000, 0x000000008e800000| Untracked 
| 233|0x000000008e900000, 0x000000008e900000, 0x000000008ea00000|  0%| F|  |TAMS 0x000000008e900000, 0x000000008e900000| Untracked 
| 234|0x000000008ea00000, 0x000000008ea00000, 0x000000008eb00000|  0%| F|  |TAMS 0x000000008ea00000, 0x000000008ea00000| Untracked 
| 235|0x000000008eb00000, 0x000000008eb00000, 0x000000008ec00000|  0%| F|  |TAMS 0x000000008eb00000, 0x000000008eb00000| Untracked 
| 236|0x000000008ec00000, 0x000000008ec00000, 0x000000008ed00000|  0%| F|  |TAMS 0x000000008ec00000, 0x000000008ec00000| Untracked 
| 237|0x000000008ed00000, 0x000000008ed00000, 0x000000008ee00000|  0%| F|  |TAMS 0x000000008ed00000, 0x000000008ed00000| Untracked 
| 238|0x000000008ee00000, 0x000000008ee00000, 0x000000008ef00000|  0%| F|  |TAMS 0x000000008ee00000, 0x000000008ee00000| Untracked 
| 239|0x000000008ef00000, 0x000000008ef00000, 0x000000008f000000|  0%| F|  |TAMS 0x000000008ef00000, 0x000000008ef00000| Untracked 
| 240|0x000000008f000000, 0x000000008f000000, 0x000000008f100000|  0%| F|  |TAMS 0x000000008f000000, 0x000000008f000000| Untracked 
| 241|0x000000008f100000, 0x000000008f100000, 0x000000008f200000|  0%| F|  |TAMS 0x000000008f100000, 0x000000008f100000| Untracked 
| 242|0x000000008f200000, 0x000000008f200000, 0x000000008f300000|  0%| F|  |TAMS 0x000000008f200000, 0x000000008f200000| Untracked 
| 243|0x000000008f300000, 0x000000008f300000, 0x000000008f400000|  0%| F|  |TAMS 0x000000008f300000, 0x000000008f300000| Untracked 
| 244|0x000000008f400000, 0x000000008f400000, 0x000000008f500000|  0%| F|  |TAMS 0x000000008f400000, 0x000000008f400000| Untracked 
| 245|0x000000008f500000, 0x000000008f500000, 0x000000008f600000|  0%| F|  |TAMS 0x000000008f500000, 0x000000008f500000| Untracked 
| 246|0x000000008f600000, 0x000000008f600000, 0x000000008f700000|  0%| F|  |TAMS 0x000000008f600000, 0x000000008f600000| Untracked 
| 247|0x000000008f700000, 0x000000008f700000, 0x000000008f800000|  0%| F|  |TAMS 0x000000008f700000, 0x000000008f700000| Untracked 
| 248|0x000000008f800000, 0x000000008f800000, 0x000000008f900000|  0%| F|  |TAMS 0x000000008f800000, 0x000000008f800000| Untracked 
| 249|0x000000008f900000, 0x000000008f900000, 0x000000008fa00000|  0%| F|  |TAMS 0x000000008f900000, 0x000000008f900000| Untracked 
| 250|0x000000008fa00000, 0x000000008fa00000, 0x000000008fb00000|  0%| F|  |TAMS 0x000000008fa00000, 0x000000008fa00000| Untracked 
| 251|0x000000008fb00000, 0x000000008fb00000, 0x000000008fc00000|  0%| F|  |TAMS 0x000000008fb00000, 0x000000008fb00000| Untracked 
| 252|0x000000008fc00000, 0x000000008fc00000, 0x000000008fd00000|  0%| F|  |TAMS 0x000000008fc00000, 0x000000008fc00000| Untracked 
| 253|0x000000008fd00000, 0x000000008fd00000, 0x000000008fe00000|  0%| F|  |TAMS 0x000000008fd00000, 0x000000008fd00000| Untracked 
| 254|0x000000008fe00000, 0x000000008fe00000, 0x000000008ff00000|  0%| F|  |TAMS 0x000000008fe00000, 0x000000008fe00000| Untracked 
| 255|0x000000008ff00000, 0x000000008ff00000, 0x0000000090000000|  0%| F|  |TAMS 0x000000008ff00000, 0x000000008ff00000| Untracked 
| 256|0x0000000090000000, 0x0000000090000000, 0x0000000090100000|  0%| F|  |TAMS 0x0000000090000000, 0x0000000090000000| Untracked 
| 257|0x0000000090100000, 0x0000000090100000, 0x0000000090200000|  0%| F|  |TAMS 0x0000000090100000, 0x0000000090100000| Untracked 
| 258|0x0000000090200000, 0x0000000090200000, 0x0000000090300000|  0%| F|  |TAMS 0x0000000090200000, 0x0000000090200000| Untracked 
| 259|0x0000000090300000, 0x0000000090300000, 0x0000000090400000|  0%| F|  |TAMS 0x0000000090300000, 0x0000000090300000| Untracked 
| 260|0x0000000090400000, 0x0000000090400000, 0x0000000090500000|  0%| F|  |TAMS 0x0000000090400000, 0x0000000090400000| Untracked 
| 261|0x0000000090500000, 0x0000000090500000, 0x0000000090600000|  0%| F|  |TAMS 0x0000000090500000, 0x0000000090500000| Untracked 
| 262|0x0000000090600000, 0x0000000090600000, 0x0000000090700000|  0%| F|  |TAMS 0x0000000090600000, 0x0000000090600000| Untracked 
| 263|0x0000000090700000, 0x0000000090700000, 0x0000000090800000|  0%| F|  |TAMS 0x0000000090700000, 0x0000000090700000| Untracked 
| 264|0x0000000090800000, 0x0000000090800000, 0x0000000090900000|  0%| F|  |TAMS 0x0000000090800000, 0x0000000090800000| Untracked 
| 265|0x0000000090900000, 0x0000000090900000, 0x0000000090a00000|  0%| F|  |TAMS 0x0000000090900000, 0x0000000090900000| Untracked 
| 266|0x0000000090a00000, 0x0000000090a00000, 0x0000000090b00000|  0%| F|  |TAMS 0x0000000090a00000, 0x0000000090a00000| Untracked 
| 267|0x0000000090b00000, 0x0000000090b00000, 0x0000000090c00000|  0%| F|  |TAMS 0x0000000090b00000, 0x0000000090b00000| Untracked 
| 268|0x0000000090c00000, 0x0000000090c00000, 0x0000000090d00000|  0%| F|  |TAMS 0x0000000090c00000, 0x0000000090c00000| Untracked 
| 269|0x0000000090d00000, 0x0000000090d00000, 0x0000000090e00000|  0%| F|  |TAMS 0x0000000090d00000, 0x0000000090d00000| Untracked 
| 270|0x0000000090e00000, 0x0000000090e00000, 0x0000000090f00000|  0%| F|  |TAMS 0x0000000090e00000, 0x0000000090e00000| Untracked 
| 271|0x0000000090f00000, 0x0000000090f00000, 0x0000000091000000|  0%| F|  |TAMS 0x0000000090f00000, 0x0000000090f00000| Untracked 
| 272|0x0000000091000000, 0x0000000091000000, 0x0000000091100000|  0%| F|  |TAMS 0x0000000091000000, 0x0000000091000000| Untracked 
| 273|0x0000000091100000, 0x0000000091100000, 0x0000000091200000|  0%| F|  |TAMS 0x0000000091100000, 0x0000000091100000| Untracked 
| 274|0x0000000091200000, 0x0000000091200000, 0x0000000091300000|  0%| F|  |TAMS 0x0000000091200000, 0x0000000091200000| Untracked 
| 275|0x0000000091300000, 0x0000000091300000, 0x0000000091400000|  0%| F|  |TAMS 0x0000000091300000, 0x0000000091300000| Untracked 
| 276|0x0000000091400000, 0x0000000091400000, 0x0000000091500000|  0%| F|  |TAMS 0x0000000091400000, 0x0000000091400000| Untracked 
| 277|0x0000000091500000, 0x0000000091500000, 0x0000000091600000|  0%| F|  |TAMS 0x0000000091500000, 0x0000000091500000| Untracked 
| 278|0x0000000091600000, 0x0000000091600000, 0x0000000091700000|  0%| F|  |TAMS 0x0000000091600000, 0x0000000091600000| Untracked 
| 279|0x0000000091700000, 0x0000000091700000, 0x0000000091800000|  0%| F|  |TAMS 0x0000000091700000, 0x0000000091700000| Untracked 
| 280|0x0000000091800000, 0x0000000091800000, 0x0000000091900000|  0%| F|  |TAMS 0x0000000091800000, 0x0000000091800000| Untracked 
| 281|0x0000000091900000, 0x0000000091900000, 0x0000000091a00000|  0%| F|  |TAMS 0x0000000091900000, 0x0000000091900000| Untracked 
| 282|0x0000000091a00000, 0x0000000091a00000, 0x0000000091b00000|  0%| F|  |TAMS 0x0000000091a00000, 0x0000000091a00000| Untracked 
| 283|0x0000000091b00000, 0x0000000091b00000, 0x0000000091c00000|  0%| F|  |TAMS 0x0000000091b00000, 0x0000000091b00000| Untracked 
| 284|0x0000000091c00000, 0x0000000091c00000, 0x0000000091d00000|  0%| F|  |TAMS 0x0000000091c00000, 0x0000000091c00000| Untracked 
| 285|0x0000000091d00000, 0x0000000091d00000, 0x0000000091e00000|  0%| F|  |TAMS 0x0000000091d00000, 0x0000000091d00000| Untracked 
| 286|0x0000000091e00000, 0x0000000091e00000, 0x0000000091f00000|  0%| F|  |TAMS 0x0000000091e00000, 0x0000000091e00000| Untracked 
| 287|0x0000000091f00000, 0x0000000091f00000, 0x0000000092000000|  0%| F|  |TAMS 0x0000000091f00000, 0x0000000091f00000| Untracked 
| 288|0x0000000092000000, 0x0000000092000000, 0x0000000092100000|  0%| F|  |TAMS 0x0000000092000000, 0x0000000092000000| Untracked 
| 289|0x0000000092100000, 0x0000000092100000, 0x0000000092200000|  0%| F|  |TAMS 0x0000000092100000, 0x0000000092100000| Untracked 
| 290|0x0000000092200000, 0x0000000092200000, 0x0000000092300000|  0%| F|  |TAMS 0x0000000092200000, 0x0000000092200000| Untracked 
| 291|0x0000000092300000, 0x0000000092300000, 0x0000000092400000|  0%| F|  |TAMS 0x0000000092300000, 0x0000000092300000| Untracked 
| 292|0x0000000092400000, 0x0000000092400000, 0x0000000092500000|  0%| F|  |TAMS 0x0000000092400000, 0x0000000092400000| Untracked 
| 293|0x0000000092500000, 0x0000000092500000, 0x0000000092600000|  0%| F|  |TAMS 0x0000000092500000, 0x0000000092500000| Untracked 
| 294|0x0000000092600000, 0x0000000092600000, 0x0000000092700000|  0%| F|  |TAMS 0x0000000092600000, 0x0000000092600000| Untracked 
| 295|0x0000000092700000, 0x0000000092700000, 0x0000000092800000|  0%| F|  |TAMS 0x0000000092700000, 0x0000000092700000| Untracked 
| 296|0x0000000092800000, 0x0000000092800000, 0x0000000092900000|  0%| F|  |TAMS 0x0000000092800000, 0x0000000092800000| Untracked 
| 297|0x0000000092900000, 0x0000000092900000, 0x0000000092a00000|  0%| F|  |TAMS 0x0000000092900000, 0x0000000092900000| Untracked 
| 298|0x0000000092a00000, 0x0000000092a00000, 0x0000000092b00000|  0%| F|  |TAMS 0x0000000092a00000, 0x0000000092a00000| Untracked 
| 299|0x0000000092b00000, 0x0000000092b00000, 0x0000000092c00000|  0%| F|  |TAMS 0x0000000092b00000, 0x0000000092b00000| Untracked 
| 300|0x0000000092c00000, 0x0000000092c00000, 0x0000000092d00000|  0%| F|  |TAMS 0x0000000092c00000, 0x0000000092c00000| Untracked 
| 301|0x0000000092d00000, 0x0000000092d00000, 0x0000000092e00000|  0%| F|  |TAMS 0x0000000092d00000, 0x0000000092d00000| Untracked 
| 302|0x0000000092e00000, 0x0000000092e00000, 0x0000000092f00000|  0%| F|  |TAMS 0x0000000092e00000, 0x0000000092e00000| Untracked 
| 303|0x0000000092f00000, 0x0000000092f00000, 0x0000000093000000|  0%| F|  |TAMS 0x0000000092f00000, 0x0000000092f00000| Untracked 
| 304|0x0000000093000000, 0x0000000093082070, 0x0000000093100000| 50%| E|  |TAMS 0x0000000093000000, 0x0000000093000000| Complete 
| 305|0x0000000093100000, 0x0000000093200000, 0x0000000093200000|100%| E|CS|TAMS 0x0000000093100000, 0x0000000093100000| Complete 
| 306|0x0000000093200000, 0x0000000093300000, 0x0000000093300000|100%| E|CS|TAMS 0x0000000093200000, 0x0000000093200000| Complete 
| 307|0x0000000093300000, 0x0000000093400000, 0x0000000093400000|100%| E|CS|TAMS 0x0000000093300000, 0x0000000093300000| Complete 
| 308|0x0000000093400000, 0x0000000093500000, 0x0000000093500000|100%| E|CS|TAMS 0x0000000093400000, 0x0000000093400000| Complete 
| 309|0x0000000093500000, 0x0000000093600000, 0x0000000093600000|100%| E|CS|TAMS 0x0000000093500000, 0x0000000093500000| Complete 
| 310|0x0000000093600000, 0x0000000093700000, 0x0000000093700000|100%| E|CS|TAMS 0x0000000093600000, 0x0000000093600000| Complete 
| 311|0x0000000093700000, 0x0000000093800000, 0x0000000093800000|100%| E|CS|TAMS 0x0000000093700000, 0x0000000093700000| Complete 
| 312|0x0000000093800000, 0x0000000093900000, 0x0000000093900000|100%| E|CS|TAMS 0x0000000093800000, 0x0000000093800000| Complete 
| 313|0x0000000093900000, 0x0000000093a00000, 0x0000000093a00000|100%| E|CS|TAMS 0x0000000093900000, 0x0000000093900000| Complete 
| 314|0x0000000093a00000, 0x0000000093b00000, 0x0000000093b00000|100%| E|CS|TAMS 0x0000000093a00000, 0x0000000093a00000| Complete 
| 315|0x0000000093b00000, 0x0000000093c00000, 0x0000000093c00000|100%| E|CS|TAMS 0x0000000093b00000, 0x0000000093b00000| Complete 
| 316|0x0000000093c00000, 0x0000000093d00000, 0x0000000093d00000|100%| E|CS|TAMS 0x0000000093c00000, 0x0000000093c00000| Complete 
| 317|0x0000000093d00000, 0x0000000093e00000, 0x0000000093e00000|100%| E|CS|TAMS 0x0000000093d00000, 0x0000000093d00000| Complete 
| 318|0x0000000093e00000, 0x0000000093f00000, 0x0000000093f00000|100%| E|CS|TAMS 0x0000000093e00000, 0x0000000093e00000| Complete 
| 319|0x0000000093f00000, 0x0000000094000000, 0x0000000094000000|100%| E|CS|TAMS 0x0000000093f00000, 0x0000000093f00000| Complete 
| 320|0x0000000094000000, 0x0000000094100000, 0x0000000094100000|100%| E|CS|TAMS 0x0000000094000000, 0x0000000094000000| Complete 

Card table byte_map: [0x00000182be050000,0x00000182be450000] _byte_map_base: 0x00000182bdc50000

Marking Bits (Prev, Next): (CMBitMap*) 0x00000182aac14c40, (CMBitMap*) 0x00000182aac14c08
 Prev Bits: [0x00000182c0850000, 0x00000182c2850000)
 Next Bits: [0x00000182be850000, 0x00000182c0850000)

Polling page: 0x00000182a8a30000

Metaspace:

Usage:
  Non-class:     42.07 MB capacity,    41.32 MB ( 98%) used,   646.05 KB (  1%) free+waste,   128.88 KB ( <1%) overhead. 
      Class:      6.41 MB capacity,     5.96 MB ( 93%) used,   389.83 KB (  6%) free+waste,    61.56 KB ( <1%) overhead. 
       Both:     48.48 MB capacity,    47.28 MB ( 98%) used,     1.01 MB (  2%) free+waste,   190.44 KB ( <1%) overhead. 

Virtual space:
  Non-class space:       44.00 MB reserved,      42.17 MB ( 96%) committed 
      Class space:        1.00 GB reserved,       6.50 MB ( <1%) committed 
             Both:        1.04 GB reserved,      48.67 MB (  5%) committed 

Chunk freelists:
   Non-Class:  0 bytes
       Class:  0 bytes
        Both:  0 bytes

MaxMetaspaceSize: 17179869184.00 GB
CompressedClassSpaceSize: 1.00 GB
Initial GC threshold: 20.80 MB
Current GC threshold: 79.66 MB
CDS: off

CodeHeap 'non-profiled nmethods': size=120000Kb used=4195Kb max_used=4195Kb free=115804Kb
 bounds [0x00000182b61c0000, 0x00000182b65e0000, 0x00000182bd6f0000]
CodeHeap 'profiled nmethods': size=120000Kb used=13417Kb max_used=13417Kb free=106582Kb
 bounds [0x00000182aec90000, 0x00000182af9b0000, 0x00000182b61c0000]
CodeHeap 'non-nmethods': size=5760Kb used=2294Kb max_used=2367Kb free=3466Kb
 bounds [0x00000182ae6f0000, 0x00000182ae960000, 0x00000182aec90000]
 total_blobs=6648 nmethods=5854 adapters=705
 compilation: enabled
              stopped_count=0, restarted_count=0
 full_count=0

Compilation events (20 events):
Event: 20.559 Thread 0x00000182c54fa800 5977       2       org.gradle.internal.time.MonotonicClock::advance (33 bytes)
Event: 20.559 Thread 0x00000182c54fa800 nmethod 5977 0x00000182af99ee10 code [0x00000182af99efc0, 0x00000182af99f178]
Event: 20.559 Thread 0x00000182c54fa800 5978       1       org.gradle.internal.concurrent.ManagedExecutorImpl::access$000 (5 bytes)
Event: 20.559 Thread 0x00000182c54fa800 nmethod 5978 0x00000182b65cfb10 code [0x00000182b65cfcc0, 0x00000182b65cfd58]
Event: 20.617 Thread 0x00000182c54fa800 5979       3       org.objectweb.asm.MethodWriter::putMethodInfo (1274 bytes)
Event: 20.620 Thread 0x00000182c54fa800 nmethod 5979 0x00000182af99f290 code [0x00000182af99f940, 0x00000182af9a1ef8]
Event: 20.623 Thread 0x00000182c54fa800 5980       3       org.objectweb.asm.SymbolTable::addConstantIntegerOrFloat (100 bytes)
Event: 20.624 Thread 0x00000182c54fa800 nmethod 5980 0x00000182af9a3210 code [0x00000182af9a3440, 0x00000182af9a39f8]
Event: 20.745 Thread 0x00000182c54fa800 5981       2       org.objectweb.asm.MethodVisitor::visitAnnotationDefault (17 bytes)
Event: 20.746 Thread 0x00000182c54fa800 nmethod 5981 0x00000182af9a3d10 code [0x00000182af9a3ec0, 0x00000182af9a4008]
Event: 20.780 Thread 0x00000182cc602800 nmethod 5970 0x00000182b65cfe10 code [0x00000182b65d0380, 0x00000182b65d54c0]
Event: 20.781 Thread 0x00000182cc602800 5935       4       org.objectweb.asm.ClassReader::readField (667 bytes)
Event: 20.837 Thread 0x00000182c54fa800 5983       3       org.objectweb.asm.MethodWriter::visitSwitchInsn (174 bytes)
Event: 20.838 Thread 0x00000182c54fa800 nmethod 5983 0x00000182af9a4090 code [0x00000182af9a4340, 0x00000182af9a53d8]
Event: 21.038 Thread 0x00000182c54fa800 5986       2       org.objectweb.asm.MethodWriter::visitAnnotationDefault (29 bytes)
Event: 21.039 Thread 0x00000182c54fa800 nmethod 5986 0x00000182af9a5a10 code [0x00000182af9a5be0, 0x00000182af9a5f28]
Event: 21.365 Thread 0x00000182c54fa800 5987 %     3       org.apache.tools.zip.ZipOutputStream::writeCentralDirectoryInChunks @ 27 (95 bytes)
Event: 21.366 Thread 0x00000182c54fa800 nmethod 5987% 0x00000182af9a6010 code [0x00000182af9a6300, 0x00000182af9a7918]
Event: 21.368 Thread 0x00000182c54fa800 5988       3       org.apache.tools.zip.ZipOutputStream::writeCentralDirectoryInChunks (95 bytes)
Event: 21.384 Thread 0x00000182c54fa800 nmethod 5988 0x00000182af9a8010 code [0x00000182af9a8300, 0x00000182af9a97d8]

GC Heap History (20 events):
Event: 15.629 GC heap before
{Heap before GC invocations=48 (full 0):
 garbage-first heap   total 273408K, used 233015K [0x0000000080000000, 0x0000000100000000)
  region size 1024K, 141 young (144384K), 7 survivors (7168K)
 Metaspace       used 47717K, capacity 48940K, committed 49200K, reserved 1091584K
  class space    used 6039K, capacity 6483K, committed 6528K, reserved 1048576K
}
Event: 15.636 GC heap after
{Heap after GC invocations=49 (full 0):
 garbage-first heap   total 328704K, used 90723K [0x0000000080000000, 0x0000000100000000)
  region size 1024K, 6 young (6144K), 6 survivors (6144K)
 Metaspace       used 47717K, capacity 48940K, committed 49200K, reserved 1091584K
  class space    used 6039K, capacity 6483K, committed 6528K, reserved 1048576K
}
Event: 16.427 GC heap before
{Heap before GC invocations=49 (full 0):
 garbage-first heap   total 328704K, used 257635K [0x0000000080000000, 0x0000000100000000)
  region size 1024K, 169 young (173056K), 6 survivors (6144K)
 Metaspace       used 47717K, capacity 48940K, committed 49200K, reserved 1091584K
  class space    used 6039K, capacity 6483K, committed 6528K, reserved 1048576K
}
Event: 16.434 GC heap after
{Heap after GC invocations=50 (full 0):
 garbage-first heap   total 328704K, used 91896K [0x0000000080000000, 0x0000000100000000)
  region size 1024K, 7 young (7168K), 7 survivors (7168K)
 Metaspace       used 47717K, capacity 48940K, committed 49200K, reserved 1091584K
  class space    used 6039K, capacity 6483K, committed 6528K, reserved 1048576K
}
Event: 17.565 GC heap before
{Heap before GC invocations=50 (full 0):
 garbage-first heap   total 328704K, used 273144K [0x0000000080000000, 0x0000000100000000)
  region size 1024K, 180 young (184320K), 7 survivors (7168K)
 Metaspace       used 47835K, capacity 49025K, committed 49200K, reserved 1091584K
  class space    used 6050K, capacity 6489K, committed 6528K, reserved 1048576K
}
Event: 17.570 GC heap after
{Heap after GC invocations=51 (full 0):
 garbage-first heap   total 328704K, used 89163K [0x0000000080000000, 0x0000000100000000)
  region size 1024K, 5 young (5120K), 5 survivors (5120K)
 Metaspace       used 47835K, capacity 49025K, committed 49200K, reserved 1091584K
  class space    used 6050K, capacity 6489K, committed 6528K, reserved 1048576K
}
Event: 17.974 GC heap before
{Heap before GC invocations=51 (full 0):
 garbage-first heap   total 328704K, used 280651K [0x0000000080000000, 0x0000000100000000)
  region size 1024K, 192 young (196608K), 5 survivors (5120K)
 Metaspace       used 47835K, capacity 49025K, committed 49200K, reserved 1091584K
  class space    used 6050K, capacity 6489K, committed 6528K, reserved 1048576K
}
Event: 17.978 GC heap after
{Heap after GC invocations=52 (full 0):
 garbage-first heap   total 328704K, used 92281K [0x0000000080000000, 0x0000000100000000)
  region size 1024K, 8 young (8192K), 8 survivors (8192K)
 Metaspace       used 47835K, capacity 49025K, committed 49200K, reserved 1091584K
  class space    used 6050K, capacity 6489K, committed 6528K, reserved 1048576K
}
Event: 18.457 GC heap before
{Heap before GC invocations=52 (full 0):
 garbage-first heap   total 328704K, used 280697K [0x0000000080000000, 0x0000000100000000)
  region size 1024K, 192 young (196608K), 8 survivors (8192K)
 Metaspace       used 47881K, capacity 49107K, committed 49200K, reserved 1091584K
  class space    used 6058K, capacity 6495K, committed 6528K, reserved 1048576K
}
Event: 18.463 GC heap after
{Heap after GC invocations=53 (full 0):
 garbage-first heap   total 328704K, used 95392K [0x0000000080000000, 0x0000000100000000)
  region size 1024K, 11 young (11264K), 11 survivors (11264K)
 Metaspace       used 47881K, capacity 49107K, committed 49200K, reserved 1091584K
  class space    used 6058K, capacity 6495K, committed 6528K, reserved 1048576K
}
Event: 18.916 GC heap before
{Heap before GC invocations=53 (full 0):
 garbage-first heap   total 328704K, used 282784K [0x0000000080000000, 0x0000000100000000)
  region size 1024K, 192 young (196608K), 11 survivors (11264K)
 Metaspace       used 47928K, capacity 49107K, committed 49200K, reserved 1091584K
  class space    used 6063K, capacity 6495K, committed 6528K, reserved 1048576K
}
Event: 18.919 GC heap after
{Heap after GC invocations=54 (full 0):
 garbage-first heap   total 328704K, used 87901K [0x0000000080000000, 0x0000000100000000)
  region size 1024K, 6 young (6144K), 6 survivors (6144K)
 Metaspace       used 47928K, capacity 49107K, committed 49200K, reserved 1091584K
  class space    used 6063K, capacity 6495K, committed 6528K, reserved 1048576K
}
Event: 19.776 GC heap before
{Heap before GC invocations=54 (full 0):
 garbage-first heap   total 328704K, used 309085K [0x0000000080000000, 0x0000000100000000)
  region size 1024K, 192 young (196608K), 6 survivors (6144K)
 Metaspace       used 48410K, capacity 49643K, committed 49840K, reserved 1093632K
  class space    used 6107K, capacity 6559K, committed 6656K, reserved 1048576K
}
Event: 19.783 GC heap after
{Heap after GC invocations=55 (full 0):
 garbage-first heap   total 328704K, used 113615K [0x0000000080000000, 0x0000000100000000)
  region size 1024K, 9 young (9216K), 9 survivors (9216K)
 Metaspace       used 48410K, capacity 49643K, committed 49840K, reserved 1093632K
  class space    used 6107K, capacity 6559K, committed 6656K, reserved 1048576K
}
Event: 20.129 GC heap before
{Heap before GC invocations=55 (full 0):
 garbage-first heap   total 328704K, used 294863K [0x0000000080000000, 0x0000000100000000)
  region size 1024K, 174 young (178176K), 9 survivors (9216K)
 Metaspace       used 48412K, capacity 49643K, committed 49840K, reserved 1093632K
  class space    used 6107K, capacity 6559K, committed 6656K, reserved 1048576K
}
Event: 20.135 GC heap after
{Heap after GC invocations=56 (full 0):
 garbage-first heap   total 328704K, used 115191K [0x0000000080000000, 0x0000000100000000)
  region size 1024K, 10 young (10240K), 10 survivors (10240K)
 Metaspace       used 48412K, capacity 49643K, committed 49840K, reserved 1093632K
  class space    used 6107K, capacity 6559K, committed 6656K, reserved 1048576K
}
Event: 20.702 GC heap before
{Heap before GC invocations=56 (full 0):
 garbage-first heap   total 328704K, used 283127K [0x0000000080000000, 0x0000000100000000)
  region size 1024K, 175 young (179200K), 10 survivors (10240K)
 Metaspace       used 48414K, capacity 49643K, committed 49840K, reserved 1093632K
  class space    used 6107K, capacity 6559K, committed 6656K, reserved 1048576K
}
Event: 20.710 GC heap after
{Heap after GC invocations=57 (full 0):
 garbage-first heap   total 328704K, used 116819K [0x0000000080000000, 0x0000000100000000)
  region size 1024K, 12 young (12288K), 12 survivors (12288K)
 Metaspace       used 48414K, capacity 49643K, committed 49840K, reserved 1093632K
  class space    used 6107K, capacity 6559K, committed 6656K, reserved 1048576K
}
Event: 21.157 GC heap before
{Heap before GC invocations=57 (full 0):
 garbage-first heap   total 328704K, used 280659K [0x0000000080000000, 0x0000000100000000)
  region size 1024K, 173 young (177152K), 12 survivors (12288K)
 Metaspace       used 48415K, capacity 49643K, committed 49840K, reserved 1093632K
  class space    used 6107K, capacity 6559K, committed 6656K, reserved 1048576K
}
Event: 21.166 GC heap after
{Heap after GC invocations=58 (full 0):
 garbage-first heap   total 328704K, used 118621K [0x0000000080000000, 0x0000000100000000)
  region size 1024K, 13 young (13312K), 13 survivors (13312K)
 Metaspace       used 48415K, capacity 49643K, committed 49840K, reserved 1093632K
  class space    used 6107K, capacity 6559K, committed 6656K, reserved 1048576K
}

Deoptimization events (20 events):
Event: 19.633 Thread 0x00000182c6dcb000 Uncommon trap: trap_request=0xffffff4d fr.pc=0x00000182b64fbaa0 relative=0x0000000000000da0
Event: 19.633 Thread 0x00000182c6dcb000 Uncommon trap: reason=unstable_if action=reinterpret pc=0x00000182b64fbaa0 method=org.objectweb.asm.MethodWriter.visitInsn(I)V @ 24 c2
Event: 19.633 Thread 0x00000182c6dcb000 DEOPT PACKING pc=0x00000182b64fbaa0 sp=0x00000012691fe130
Event: 19.633 Thread 0x00000182c6dcb000 DEOPT UNPACKING pc=0x00000182ae73a1af sp=0x00000012691fe108 mode 2
Event: 19.636 Thread 0x00000182c6dcb000 Uncommon trap: trap_request=0xffffff4d fr.pc=0x00000182b64fe4c4 relative=0x0000000000001de4
Event: 19.636 Thread 0x00000182c6dcb000 Uncommon trap: reason=unstable_if action=reinterpret pc=0x00000182b64fe4c4 method=org.objectweb.asm.MethodWriter.visitMethodInsn(ILjava/lang/String;Ljava/lang/String;Ljava/lang/String;Z)V @ 81 c2
Event: 19.636 Thread 0x00000182c6dcb000 DEOPT PACKING pc=0x00000182b64fe4c4 sp=0x00000012691fdfa0
Event: 19.636 Thread 0x00000182c6dcb000 DEOPT UNPACKING pc=0x00000182ae73a1af sp=0x00000012691fdf60 mode 2
Event: 19.752 Thread 0x00000182c6dc9000 DEOPT PACKING pc=0x00000182af596fba sp=0x0000001268efe830
Event: 19.752 Thread 0x00000182c6dc9000 DEOPT UNPACKING pc=0x00000182ae73a95e sp=0x0000001268efdc58 mode 0
Event: 19.862 Thread 0x00000182c6dc7800 DEOPT PACKING pc=0x00000182af1e4ad2 sp=0x00000012695fe250
Event: 19.862 Thread 0x00000182c6dc7800 DEOPT UNPACKING pc=0x00000182ae73a95e sp=0x00000012695fd6e0 mode 0
Event: 20.082 Thread 0x00000182c6dcc800 DEOPT PACKING pc=0x00000182af66a714 sp=0x00000012693fe610
Event: 20.082 Thread 0x00000182c6dcc800 DEOPT UNPACKING pc=0x00000182ae73a95e sp=0x00000012693fdac0 mode 0
Event: 20.560 Thread 0x00000182c6dc9000 DEOPT PACKING pc=0x00000182af1e4ad2 sp=0x0000001268efe800
Event: 20.560 Thread 0x00000182c6dc9000 DEOPT UNPACKING pc=0x00000182ae73a95e sp=0x0000001268efdc90 mode 0
Event: 20.745 Thread 0x00000182c6dcb800 DEOPT PACKING pc=0x00000182af60af83 sp=0x00000012692fe590
Event: 20.779 Thread 0x00000182c6dcb800 DEOPT UNPACKING pc=0x00000182ae73a95e sp=0x00000012692fdd10 mode 0
Event: 21.311 Thread 0x00000182c6dc7800 DEOPT PACKING pc=0x00000182af66a714 sp=0x00000012695fdef0
Event: 21.311 Thread 0x00000182c6dc7800 DEOPT UNPACKING pc=0x00000182ae73a95e sp=0x00000012695fd3a0 mode 0

Classes redefined (0 events):
No events

Internal exceptions (20 events):
Event: 19.621 Thread 0x00000182c6dc7800 Exception <a 'sun/nio/fs/WindowsException'{0x000000008cef61b8}> (0x000000008cef61b8) thrown at [src/hotspot/share/prims/jni.cpp, line 617]
Event: 19.623 Thread 0x00000182c6dcf800 Exception <a 'sun/nio/fs/WindowsException'{0x000000008cf50e28}> (0x000000008cf50e28) thrown at [src/hotspot/share/prims/jni.cpp, line 617]
Event: 19.624 Thread 0x00000182c6dcd800 Exception <a 'sun/nio/fs/WindowsException'{0x000000008cd50400}> (0x000000008cd50400) thrown at [src/hotspot/share/prims/jni.cpp, line 617]
Event: 19.625 Thread 0x00000182c6dc7800 Implicit null exception at 0x00000182b64842c4 to 0x00000182b6488d2c
Event: 19.625 Thread 0x00000182c6dcd800 Exception <a 'sun/nio/fs/WindowsException'{0x000000008cd505a0}> (0x000000008cd505a0) thrown at [src/hotspot/share/prims/jni.cpp, line 617]
Event: 19.633 Thread 0x00000182c6dcb000 Implicit null exception at 0x00000182b64fad80 to 0x00000182b64fba8c
Event: 19.636 Thread 0x00000182c6dcb000 Implicit null exception at 0x00000182b64fc830 to 0x00000182b64fe4a8
Event: 19.649 Thread 0x00000182c8160000 Exception <a 'sun/nio/fs/WindowsException'{0x000000008be9f588}> (0x000000008be9f588) thrown at [src/hotspot/share/prims/jni.cpp, line 617]
Event: 19.650 Thread 0x00000182c8160000 Exception <a 'sun/nio/fs/WindowsException'{0x000000008be9f730}> (0x000000008be9f730) thrown at [src/hotspot/share/prims/jni.cpp, line 617]
Event: 19.652 Thread 0x00000182c6dc9000 Exception <a 'sun/nio/fs/WindowsException'{0x000000008b89a748}> (0x000000008b89a748) thrown at [src/hotspot/share/prims/jni.cpp, line 617]
Event: 19.657 Thread 0x00000182c815f000 Exception <a 'sun/nio/fs/WindowsException'{0x000000008b55c148}> (0x000000008b55c148) thrown at [src/hotspot/share/prims/jni.cpp, line 617]
Event: 19.667 Thread 0x00000182c815f000 Exception <a 'sun/nio/fs/WindowsException'{0x000000008b55c310}> (0x000000008b55c310) thrown at [src/hotspot/share/prims/jni.cpp, line 617]
Event: 19.671 Thread 0x00000182c6dcf800 Exception <a 'sun/nio/fs/WindowsException'{0x000000008b167260}> (0x000000008b167260) thrown at [src/hotspot/share/prims/jni.cpp, line 617]
Event: 19.672 Thread 0x00000182c6dcf800 Exception <a 'sun/nio/fs/WindowsException'{0x000000008b1673d0}> (0x000000008b1673d0) thrown at [src/hotspot/share/prims/jni.cpp, line 617]
Event: 19.682 Thread 0x00000182c6dcb800 Exception <a 'sun/nio/fs/WindowsException'{0x000000008aae7370}> (0x000000008aae7370) thrown at [src/hotspot/share/prims/jni.cpp, line 617]
Event: 19.731 Thread 0x00000182c6dcb000 Exception <a 'sun/nio/fs/WindowsException'{0x00000000897d9f80}> (0x00000000897d9f80) thrown at [src/hotspot/share/prims/jni.cpp, line 617]
Event: 19.732 Thread 0x00000182c6dcb000 Exception <a 'sun/nio/fs/WindowsException'{0x00000000897da148}> (0x00000000897da148) thrown at [src/hotspot/share/prims/jni.cpp, line 617]
Event: 19.795 Thread 0x00000182c6dcc800 Exception <a 'sun/nio/fs/WindowsException'{0x0000000092dd3e48}> (0x0000000092dd3e48) thrown at [src/hotspot/share/prims/jni.cpp, line 617]
Event: 21.371 Thread 0x00000182c6dc7800 Exception <a 'sun/nio/fs/WindowsException'{0x000000008fa6a560}> (0x000000008fa6a560) thrown at [src/hotspot/share/prims/jni.cpp, line 617]
Event: 21.376 Thread 0x00000182c6dc7800 Exception <a 'sun/nio/fs/WindowsException'{0x000000008fa6a6c8}> (0x000000008fa6a6c8) thrown at [src/hotspot/share/prims/jni.cpp, line 617]

Events (20 events):
Event: 19.590 loading class groovy/runtime/metaclass/ijinit2_ow1twxir0vbhudistfm3tgdr$_run_closure1MetaClass
Event: 19.590 loading class groovy/runtime/metaclass/ijinit2_ow1twxir0vbhudistfm3tgdr$_run_closure1MetaClass done
Event: 19.591 loading class groovy/runtime/metaclass/ijinit2_ow1twxir0vbhudistfm3tgdr$_run_closure1$_closure2MetaClass
Event: 19.591 loading class groovy/runtime/metaclass/ijinit2_ow1twxir0vbhudistfm3tgdr$_run_closure1$_closure2MetaClass done
Event: 19.595 loading class ijinit2_ow1twxir0vbhudistfm3tgdr$_run_closure1BeanInfo
Event: 19.595 loading class ijinit2_ow1twxir0vbhudistfm3tgdr$_run_closure1BeanInfo done
Event: 19.596 loading class ijinit2_ow1twxir0vbhudistfm3tgdr$_run_closure1BeanInfo
Event: 19.596 loading class ijinit2_ow1twxir0vbhudistfm3tgdr$_run_closure1BeanInfo done
Event: 19.596 loading class ijinit2_ow1twxir0vbhudistfm3tgdr$_run_closure1Customizer
Event: 19.596 loading class ijinit2_ow1twxir0vbhudistfm3tgdr$_run_closure1Customizer done
Event: 19.596 loading class ijinit2_ow1twxir0vbhudistfm3tgdr$_run_closure1Customizer
Event: 19.596 loading class ijinit2_ow1twxir0vbhudistfm3tgdr$_run_closure1Customizer done
Event: 19.775 Executing VM operation: G1CollectForAllocation
Event: 19.783 Executing VM operation: G1CollectForAllocation done
Event: 20.129 Executing VM operation: G1CollectForAllocation
Event: 20.135 Executing VM operation: G1CollectForAllocation done
Event: 20.702 Executing VM operation: G1CollectForAllocation
Event: 20.710 Executing VM operation: G1CollectForAllocation done
Event: 21.157 Executing VM operation: G1CollectForAllocation
Event: 21.166 Executing VM operation: G1CollectForAllocation done


Dynamic libraries:
0x00007ff6915f0000 - 0x00007ff6915fa000 	C:\Program Files\Android\Android Studio1\jbr\bin\java.exe
0x00007fff7fe50000 - 0x00007fff80048000 	C:\windows\SYSTEM32\ntdll.dll
0x00007fff7ecc0000 - 0x00007fff7ed7f000 	C:\windows\System32\KERNEL32.DLL
0x00007fff7d670000 - 0x00007fff7d942000 	C:\windows\System32\KERNELBASE.dll
0x00007fff7a9b0000 - 0x00007fff7aa41000 	C:\windows\SYSTEM32\apphelp.dll
0x00007fff7d570000 - 0x00007fff7d670000 	C:\windows\System32\ucrtbase.dll
0x00007fff4b9e0000 - 0x00007fff4b9f7000 	C:\Program Files\Android\Android Studio1\jbr\bin\jli.dll
0x00007fff4b9c0000 - 0x00007fff4b9db000 	C:\Program Files\Android\Android Studio1\jbr\bin\VCRUNTIME140.dll
0x00007fff7eb10000 - 0x00007fff7ecb1000 	C:\windows\System32\USER32.dll
0x00007fff7d540000 - 0x00007fff7d562000 	C:\windows\System32\win32u.dll
0x00007fff64820000 - 0x00007fff64aba000 	C:\windows\WinSxS\amd64_microsoft.windows.common-controls_6595b64144ccf1df_6.0.19041.1110_none_60b5254171f9507e\COMCTL32.dll
0x00007fff7f520000 - 0x00007fff7f54b000 	C:\windows\System32\GDI32.dll
0x00007fff7db50000 - 0x00007fff7dc5f000 	C:\windows\System32\gdi32full.dll
0x00007fff7de90000 - 0x00007fff7df2e000 	C:\windows\System32\msvcrt.dll
0x00007fff7ddf0000 - 0x00007fff7de8d000 	C:\windows\System32\msvcp_win.dll
0x00007fff7e200000 - 0x00007fff7e232000 	C:\windows\System32\IMM32.DLL
0x00007fff42d00000 - 0x00007fff42d8d000 	C:\Program Files\Android\Android Studio1\jbr\bin\msvcp140.dll
0x00007fff57120000 - 0x00007fff5712c000 	C:\windows\SYSTEM32\VCRUNTIME140_1.dll
0x00007fff0af90000 - 0x00007fff0bb4c000 	C:\Program Files\Android\Android Studio1\jbr\bin\server\jvm.dll
0x00007fff7e250000 - 0x00007fff7e2fe000 	C:\windows\System32\ADVAPI32.dll
0x00007fff7e160000 - 0x00007fff7e1fc000 	C:\windows\System32\sechost.dll
0x00007fff7f550000 - 0x00007fff7f675000 	C:\windows\System32\RPCRT4.dll
0x00007fff7e240000 - 0x00007fff7e248000 	C:\windows\System32\PSAPI.DLL
0x00007fff6ff30000 - 0x00007fff6ff57000 	C:\windows\SYSTEM32\WINMM.dll
0x00007fff7b350000 - 0x00007fff7b35a000 	C:\windows\SYSTEM32\VERSION.dll
0x00007fff77c00000 - 0x00007fff77c09000 	C:\windows\SYSTEM32\WSOCK32.dll
0x00007fff7f390000 - 0x00007fff7f3fb000 	C:\windows\System32\WS2_32.dll
0x00007fff7bd90000 - 0x00007fff7bda2000 	C:\windows\SYSTEM32\kernel.appcore.dll
0x00007fff76d30000 - 0x00007fff76d40000 	C:\Program Files\Android\Android Studio1\jbr\bin\verify.dll
0x00007fff66200000 - 0x00007fff663e4000 	C:\windows\SYSTEM32\DBGHELP.DLL
0x00007fff62c30000 - 0x00007fff62c65000 	C:\windows\SYSTEM32\dbgcore.DLL
0x00007fff7d9a0000 - 0x00007fff7da22000 	C:\windows\System32\bcryptPrimitives.dll
0x00007fff62b50000 - 0x00007fff62b78000 	C:\Program Files\Android\Android Studio1\jbr\bin\java.dll
0x00007fff76a00000 - 0x00007fff76a0a000 	C:\Program Files\Android\Android Studio1\jbr\bin\jimage.dll
0x00007fff6b0c0000 - 0x00007fff6b0d8000 	C:\Program Files\Android\Android Studio1\jbr\bin\zip.dll
0x00007fff7e310000 - 0x00007fff7ea54000 	C:\windows\System32\SHELL32.dll
0x00007fff7b5e0000 - 0x00007fff7bd72000 	C:\windows\SYSTEM32\windows.storage.dll
0x00007fff7f030000 - 0x00007fff7f385000 	C:\windows\System32\combase.dll
0x00007fff7cf30000 - 0x00007fff7cf60000 	C:\windows\SYSTEM32\Wldp.dll
0x00007fff7ea60000 - 0x00007fff7eb0d000 	C:\windows\System32\SHCORE.dll
0x00007fff7f460000 - 0x00007fff7f4b5000 	C:\windows\System32\shlwapi.dll
0x00007fff7d480000 - 0x00007fff7d49f000 	C:\windows\SYSTEM32\profapi.dll
0x00007fff6b010000 - 0x00007fff6b029000 	C:\Program Files\Android\Android Studio1\jbr\bin\net.dll
0x00007fff74360000 - 0x00007fff7446c000 	C:\windows\SYSTEM32\WINHTTP.dll
0x00007fff7cc90000 - 0x00007fff7ccfa000 	C:\windows\system32\mswsock.dll
0x00007fff62b30000 - 0x00007fff62b43000 	C:\Program Files\Android\Android Studio1\jbr\bin\nio.dll
0x00007fff550b0000 - 0x00007fff550d7000 	C:\Users\Aman\.gradle\native\8bec1ad78214c89d9ad589b4d07fe93259594b29d510b10fafb7a158f7737e5d\windows-amd64\native-platform.dll
0x00007fff3c8c0000 - 0x00007fff3c9fd000 	C:\Users\Aman\.gradle\native\53dbd7edfb1c66fb8903c78663c9afc45aea4f116125fa6feffd364cf09443e8\windows-amd64\native-platform-file-events.dll
0x00007fff6add0000 - 0x00007fff6adda000 	C:\Program Files\Android\Android Studio1\jbr\bin\management.dll
0x00007fff69ed0000 - 0x00007fff69edb000 	C:\Program Files\Android\Android Studio1\jbr\bin\management_ext.dll
0x00007fff7ce80000 - 0x00007fff7ce98000 	C:\windows\SYSTEM32\CRYPTSP.dll
0x00007fff7c540000 - 0x00007fff7c574000 	C:\windows\system32\rsaenh.dll
0x00007fff7ddc0000 - 0x00007fff7dde7000 	C:\windows\System32\bcrypt.dll
0x00007fff7d400000 - 0x00007fff7d42e000 	C:\windows\SYSTEM32\USERENV.dll
0x00007fff7cea0000 - 0x00007fff7ceac000 	C:\windows\SYSTEM32\CRYPTBASE.dll
0x00007fff7c910000 - 0x00007fff7c94b000 	C:\windows\SYSTEM32\IPHLPAPI.DLL
0x00007fff7eea0000 - 0x00007fff7eea8000 	C:\windows\System32\NSI.dll
0x00007fff74ac0000 - 0x00007fff74ad7000 	C:\windows\SYSTEM32\dhcpcsvc6.DLL
0x00007fff758e0000 - 0x00007fff758fd000 	C:\windows\SYSTEM32\dhcpcsvc.DLL
0x00007fff7c950000 - 0x00007fff7ca1a000 	C:\windows\SYSTEM32\DNSAPI.dll

dbghelp: loaded successfully - version: 4.0.5 - missing functions: none
symbol engine: initialized successfully - sym options: 0x614 - pdb path: .;C:\Program Files\Android\Android Studio1\jbr\bin;C:\windows\SYSTEM32;C:\windows\WinSxS\amd64_microsoft.windows.common-controls_6595b64144ccf1df_6.0.19041.1110_none_60b5254171f9507e;C:\Program Files\Android\Android Studio1\jbr\bin\server;C:\Users\Aman\.gradle\native\8bec1ad78214c89d9ad589b4d07fe93259594b29d510b10fafb7a158f7737e5d\windows-amd64;C:\Users\Aman\.gradle\native\53dbd7edfb1c66fb8903c78663c9afc45aea4f116125fa6feffd364cf09443e8\windows-amd64

VM Arguments:
jvm_args: --add-opens=java.base/java.util=ALL-UNNAMED --add-opens=java.base/java.lang=ALL-UNNAMED --add-opens=java.base/java.lang.invoke=ALL-UNNAMED --add-opens=java.base/java.util=ALL-UNNAMED --add-opens=java.prefs/java.util.prefs=ALL-UNNAMED --add-opens=java.prefs/java.util.prefs=ALL-UNNAMED --add-opens=java.base/java.nio.charset=ALL-UNNAMED --add-opens=java.base/java.net=ALL-UNNAMED --add-opens=java.base/java.util.concurrent.atomic=ALL-UNNAMED -Xmx2048m -Dfile.encoding=UTF-8 -Duser.country=IN -Duser.language=en -Duser.variant 
java_command: org.gradle.launcher.daemon.bootstrap.GradleDaemon 7.0.2
java_class_path (initial): C:\Users\Aman\.gradle\wrapper\dists\gradle-7.0.2-bin\857tjihv64xamwrf0h14cai3r\gradle-7.0.2\lib\gradle-launcher-7.0.2.jar
Launcher Type: SUN_STANDARD

[Global flags]
     intx CICompilerCount                          = 4                                         {product} {ergonomic}
     uint ConcGCThreads                            = 3                                         {product} {ergonomic}
     uint G1ConcRefinementThreads                  = 10                                        {product} {ergonomic}
   size_t G1HeapRegionSize                         = 1048576                                   {product} {ergonomic}
    uintx GCDrainStackTargetSize                   = 64                                        {product} {ergonomic}
   size_t InitialHeapSize                          = 123731968                                 {product} {ergonomic}
   size_t MarkStackSize                            = 4194304                                   {product} {ergonomic}
   size_t MaxHeapSize                              = 2147483648                                {product} {command line}
   size_t MaxNewSize                               = 1287651328                                {product} {ergonomic}
   size_t MinHeapDeltaBytes                        = 1048576                                   {product} {ergonomic}
    uintx NonNMethodCodeHeapSize                   = 5836300                                {pd product} {ergonomic}
    uintx NonProfiledCodeHeapSize                  = 122910970                              {pd product} {ergonomic}
    uintx ProfiledCodeHeapSize                     = 122910970                              {pd product} {ergonomic}
    uintx ReservedCodeCacheSize                    = 251658240                              {pd product} {ergonomic}
     bool SegmentedCodeCache                       = true                                      {product} {ergonomic}
     bool UseCompressedClassPointers               = true                                 {lp64_product} {ergonomic}
     bool UseCompressedOops                        = true                                 {lp64_product} {ergonomic}
     bool UseG1GC                                  = true                                      {product} {ergonomic}
     bool UseLargePagesIndividualAllocation        = false                                  {pd product} {ergonomic}

Logging:
Log output configuration:
 #0: stdout all=warning uptime,level,tags
 #1: stderr all=off uptime,level,tags

Environment Variables:
JAVA_HOME=C:\Program Files\Java\jdk-17
PATH=C:\Program Files\Common Files\Oracle\Java\javapath;C:\windows\system32;C:\windows;C:\windows\System32\Wbem;C:\windows\System32\WindowsPowerShell\v1.0\;C:\windows\System32\OpenSSH\;C:\Program Files (x86)\NVIDIA Corporation\PhysX\Common;C:\Program Files\NVIDIA Corporation\NVIDIA NvDLISR;C:\Program Files\Java\jdk-17\bin;C:\MinGW\bin;C:\Program Files\Git\cmd;C:\Program Files\Cloudflare\Cloudflare WARP\;C:\Program Files\MySQL\MySQL Shell 8.0\bin\;C:\Users\Aman\AppData\Local\Microsoft\WindowsApps;C:\Program Files\JetBrains\IntelliJ IDEA Community Edition 2021.2.2\bin;;C:\Users\Aman\AppData\Local\Programs\Microsoft VS Code\bin;C:\MinGW\bin;
USERNAME=Aman
OS=Windows_NT
PROCESSOR_IDENTIFIER=AMD64 Family 23 Model 96 Stepping 1, AuthenticAMD



---------------  S Y S T E M  ---------------

OS: Windows 10 , 64 bit Build 19041 (10.0.19041.2364)
OS uptime: 0 days 0:25 hours

CPU:total 12 (initial active 12) (12 cores per cpu, 2 threads per core) family 23 model 96 stepping 1 microcode 0x0, cmov, cx8, fxsr, mmx, sse, sse2, sse3, ssse3, sse4.1, sse4.2, popcnt, avx, avx2, aes, clmul, mmxext, 3dnowpref, lzcnt, sse4a, ht, tsc, tscinvbit, tscinv, bmi1, bmi2, adx, sha, fma

Memory: 4k page, system-wide physical 7541M (261M free)
TotalPageFile size 31093M (AvailPageFile size 1M)
current process WorkingSet (physical memory assigned to process): 386M, peak: 433M
current process commit charge ("private bytes"): 568M, peak: 571M

vm_info: OpenJDK 64-Bit Server VM (11.0.15+0-b2043.56-8887301) for windows-amd64 JRE (11.0.15+0-b2043.56-8887301), built on Jul 29 2022 23:19:47 by "builduser" with unknown MS VC++:1929

END.
